<?xml version="1.0" encoding="UTF-8"?>
<coverage generated="1672313682323" clover="3.2.0">
  <project timestamp="1672313682324" name="All files">
    <metrics statements="346" coveredstatements="327" conditionals="70" coveredconditionals="64" methods="82" coveredmethods="82" elements="498" coveredelements="473" complexity="0" loc="346" ncloc="346" packages="8" files="24" classes="24">
      <package name="seubarriga">
        <metrics statements="1" coveredstatements="1" conditionals="0" coveredconditionals="0" methods="0" coveredmethods="0"/>
        <file name="knexfile.js" path="D:\Projects\Pratical-studies\seubarriga\knexfile.js">
          <metrics statements="1" coveredstatements="1" conditionals="0" coveredconditionals="0" methods="0" coveredmethods="0"/>
          <line num="1" count="7" type="stmt"/>
        </file>
      </package>
      <package name="seubarriga.src">
        <metrics statements="16" coveredstatements="14" conditionals="4" coveredconditionals="3" methods="2" coveredmethods="2"/>
        <file name="app.js" path="D:\Projects\Pratical-studies\seubarriga\src\app.js">
          <metrics statements="16" coveredstatements="14" conditionals="4" coveredconditionals="3" methods="2" coveredmethods="2"/>
          <line num="1" count="7" type="stmt"/>
          <line num="2" count="7" type="stmt"/>
          <line num="4" count="7" type="stmt"/>
          <line num="5" count="7" type="stmt"/>
          <line num="9" count="7" type="stmt"/>
          <line num="11" count="7" type="stmt"/>
          <line num="19" count="7" type="stmt"/>
          <line num="20" count="1" type="stmt"/>
          <line num="23" count="7" type="stmt"/>
          <line num="24" count="36" type="stmt"/>
          <line num="25" count="36" type="cond" truecount="2" falsecount="0"/>
          <line num="26" count="7" type="cond" truecount="1" falsecount="1"/>
          <line num="28" count="0" type="stmt"/>
          <line num="29" count="0" type="stmt"/>
          <line num="31" count="36" type="stmt"/>
          <line num="44" count="7" type="stmt"/>
        </file>
      </package>
      <package name="seubarriga.src.config">
        <metrics statements="27" coveredstatements="25" conditionals="2" coveredconditionals="1" methods="5" coveredmethods="5"/>
        <file name="middlewares.js" path="D:\Projects\Pratical-studies\seubarriga\src\config\middlewares.js">
          <metrics statements="3" coveredstatements="3" conditionals="0" coveredconditionals="0" methods="1" coveredmethods="1"/>
          <line num="1" count="7" type="stmt"/>
          <line num="3" count="7" type="stmt"/>
          <line num="4" count="7" type="stmt"/>
        </file>
        <file name="passport.js" path="D:\Projects\Pratical-studies\seubarriga\src\config\passport.js">
          <metrics statements="14" coveredstatements="12" conditionals="2" coveredconditionals="1" methods="3" coveredmethods="3"/>
          <line num="1" count="7" type="stmt"/>
          <line num="2" count="7" type="stmt"/>
          <line num="4" count="7" type="stmt"/>
          <line num="6" count="7" type="stmt"/>
          <line num="8" count="7" type="stmt"/>
          <line num="9" count="7" type="stmt"/>
          <line num="14" count="7" type="stmt"/>
          <line num="15" count="72" type="stmt"/>
          <line num="16" count="72" type="stmt"/>
          <line num="17" count="72" type="cond" truecount="1" falsecount="1"/>
          <line num="18" count="0" type="stmt"/>
          <line num="20" count="0" type="stmt"/>
          <line num="24" count="7" type="stmt"/>
          <line num="26" count="7" type="stmt"/>
        </file>
        <file name="router.js" path="D:\Projects\Pratical-studies\seubarriga\src\config\router.js">
          <metrics statements="10" coveredstatements="10" conditionals="0" coveredconditionals="0" methods="1" coveredmethods="1"/>
          <line num="1" count="7" type="stmt"/>
          <line num="3" count="7" type="stmt"/>
          <line num="4" count="7" type="stmt"/>
          <line num="5" count="7" type="stmt"/>
          <line num="6" count="7" type="stmt"/>
          <line num="7" count="7" type="stmt"/>
          <line num="8" count="7" type="stmt"/>
          <line num="9" count="7" type="stmt"/>
          <line num="10" count="7" type="stmt"/>
          <line num="11" count="7" type="stmt"/>
        </file>
      </package>
      <package name="seubarriga.src.erros">
        <metrics statements="6" coveredstatements="6" conditionals="1" coveredconditionals="1" methods="2" coveredmethods="2"/>
        <file name="ValidationError.js" path="D:\Projects\Pratical-studies\seubarriga\src\erros\ValidationError.js">
          <metrics statements="3" coveredstatements="3" conditionals="0" coveredconditionals="0" methods="1" coveredmethods="1"/>
          <line num="1" count="7" type="stmt"/>
          <line num="2" count="29" type="stmt"/>
          <line num="3" count="29" type="stmt"/>
        </file>
        <file name="WrongResourceError.js" path="D:\Projects\Pratical-studies\seubarriga\src\erros\WrongResourceError.js">
          <metrics statements="3" coveredstatements="3" conditionals="1" coveredconditionals="1" methods="1" coveredmethods="1"/>
          <line num="1" count="7" type="cond" truecount="1" falsecount="0"/>
          <line num="2" count="7" type="stmt"/>
          <line num="3" count="7" type="stmt"/>
        </file>
      </package>
      <package name="seubarriga.src.migrations">
        <metrics statements="34" coveredstatements="34" conditionals="0" coveredconditionals="0" methods="14" coveredmethods="14"/>
        <file name="20221212090356_create_users.js" path="D:\Projects\Pratical-studies\seubarriga\src\migrations\20221212090356_create_users.js">
          <metrics statements="7" coveredstatements="7" conditionals="0" coveredconditionals="0" methods="3" coveredmethods="3"/>
          <line num="1" count="2" type="stmt"/>
          <line num="2" count="2" type="stmt"/>
          <line num="3" count="2" type="stmt"/>
          <line num="4" count="2" type="stmt"/>
          <line num="5" count="2" type="stmt"/>
          <line num="9" count="2" type="stmt"/>
          <line num="10" count="2" type="stmt"/>
        </file>
        <file name="20221212192816_create_table_accounts.js" path="D:\Projects\Pratical-studies\seubarriga\src\migrations\20221212192816_create_table_accounts.js">
          <metrics statements="7" coveredstatements="7" conditionals="0" coveredconditionals="0" methods="3" coveredmethods="3"/>
          <line num="2" count="2" type="stmt"/>
          <line num="3" count="2" type="stmt"/>
          <line num="4" count="2" type="stmt"/>
          <line num="5" count="2" type="stmt"/>
          <line num="6" count="2" type="stmt"/>
          <line num="14" count="2" type="stmt"/>
          <line num="15" count="2" type="stmt"/>
        </file>
        <file name="20221218103420_create_table_transactions.js" path="D:\Projects\Pratical-studies\seubarriga\src\migrations\20221218103420_create_table_transactions.js">
          <metrics statements="9" coveredstatements="9" conditionals="0" coveredconditionals="0" methods="3" coveredmethods="3"/>
          <line num="1" count="2" type="stmt"/>
          <line num="3" count="2" type="stmt"/>
          <line num="4" count="2" type="stmt"/>
          <line num="5" count="2" type="stmt"/>
          <line num="6" count="2" type="stmt"/>
          <line num="7" count="2" type="stmt"/>
          <line num="8" count="2" type="stmt"/>
          <line num="9" count="2" type="stmt"/>
          <line num="15" count="2" type="stmt"/>
        </file>
        <file name="20221220083914_create_table_transfers.js" path="D:\Projects\Pratical-studies\seubarriga\src\migrations\20221220083914_create_table_transfers.js">
          <metrics statements="11" coveredstatements="11" conditionals="0" coveredconditionals="0" methods="5" coveredmethods="5"/>
          <line num="1" count="2" type="stmt"/>
          <line num="3" count="2" type="stmt"/>
          <line num="4" count="2" type="stmt"/>
          <line num="5" count="2" type="stmt"/>
          <line num="6" count="2" type="stmt"/>
          <line num="7" count="2" type="stmt"/>
          <line num="11" count="2" type="stmt"/>
          <line num="15" count="2" type="stmt"/>
          <line num="21" count="2" type="stmt"/>
          <line num="27" count="2" type="stmt"/>
          <line num="29" count="2" type="stmt"/>
        </file>
      </package>
      <package name="seubarriga.src.routes">
        <metrics statements="160" coveredstatements="145" conditionals="10" coveredconditionals="10" methods="30" coveredmethods="30"/>
        <file name="accounts.js" path="D:\Projects\Pratical-studies\seubarriga\src\routes\accounts.js">
          <metrics statements="36" coveredstatements="33" conditionals="2" coveredconditionals="2" methods="7" coveredmethods="7"/>
          <line num="1" count="7" type="stmt"/>
          <line num="2" count="7" type="stmt"/>
          <line num="4" count="7" type="stmt"/>
          <line num="5" count="7" type="stmt"/>
          <line num="7" count="7" type="stmt"/>
          <line num="8" count="7" type="stmt"/>
          <line num="9" count="7" type="stmt"/>
          <line num="10" count="7" type="cond" truecount="2" falsecount="0"/>
          <line num="11" count="4" type="stmt"/>
          <line num="13" count="3" type="stmt"/>
          <line num="17" count="7" type="stmt"/>
          <line num="18" count="3" type="stmt"/>
          <line num="19" count="3" type="stmt"/>
          <line num="20" count="1" type="stmt"/>
          <line num="22" count="2" type="stmt"/>
          <line num="25" count="7" type="stmt"/>
          <line num="26" count="1" type="stmt"/>
          <line num="27" count="1" type="stmt"/>
          <line num="28" count="1" type="stmt"/>
          <line num="30" count="0" type="stmt"/>
          <line num="33" count="7" type="stmt"/>
          <line num="34" count="1" type="stmt"/>
          <line num="35" count="1" type="stmt"/>
          <line num="36" count="1" type="stmt"/>
          <line num="38" count="0" type="stmt"/>
          <line num="41" count="7" type="stmt"/>
          <line num="42" count="1" type="stmt"/>
          <line num="43" count="1" type="stmt"/>
          <line num="44" count="1" type="stmt"/>
          <line num="46" count="0" type="stmt"/>
          <line num="49" count="7" type="stmt"/>
          <line num="50" count="2" type="stmt"/>
          <line num="51" count="2" type="stmt"/>
          <line num="52" count="1" type="stmt"/>
          <line num="54" count="1" type="stmt"/>
          <line num="57" count="7" type="stmt"/>
        </file>
        <file name="auth.js" path="D:\Projects\Pratical-studies\seubarriga\src\routes\auth.js">
          <metrics statements="23" coveredstatements="22" conditionals="4" coveredconditionals="4" methods="3" coveredmethods="3"/>
          <line num="1" count="7" type="stmt"/>
          <line num="2" count="7" type="stmt"/>
          <line num="3" count="7" type="stmt"/>
          <line num="4" count="7" type="stmt"/>
          <line num="6" count="7" type="stmt"/>
          <line num="8" count="7" type="stmt"/>
          <line num="10" count="7" type="stmt"/>
          <line num="11" count="7" type="stmt"/>
          <line num="12" count="3" type="stmt"/>
          <line num="13" count="3" type="stmt"/>
          <line num="15" count="3" type="cond" truecount="2" falsecount="0"/>
          <line num="16" count="2" type="cond" truecount="2" falsecount="0"/>
          <line num="17" count="1" type="stmt"/>
          <line num="23" count="1" type="stmt"/>
          <line num="25" count="1" type="stmt"/>
          <line num="26" count="1" type="stmt"/>
          <line num="28" count="2" type="stmt"/>
          <line num="31" count="7" type="stmt"/>
          <line num="32" count="1" type="stmt"/>
          <line num="33" count="1" type="stmt"/>
          <line num="34" count="1" type="stmt"/>
          <line num="36" count="0" type="stmt"/>
          <line num="40" count="7" type="stmt"/>
        </file>
        <file name="balance.js" path="D:\Projects\Pratical-studies\seubarriga\src\routes\balance.js">
          <metrics statements="9" coveredstatements="8" conditionals="0" coveredconditionals="0" methods="2" coveredmethods="2"/>
          <line num="1" count="7" type="stmt"/>
          <line num="3" count="7" type="stmt"/>
          <line num="4" count="7" type="stmt"/>
          <line num="5" count="7" type="stmt"/>
          <line num="6" count="10" type="stmt"/>
          <line num="7" count="10" type="stmt"/>
          <line num="8" count="10" type="stmt"/>
          <line num="10" count="0" type="stmt"/>
          <line num="13" count="7" type="stmt"/>
        </file>
        <file name="transactions.js" path="D:\Projects\Pratical-studies\seubarriga\src\routes\transactions.js">
          <metrics statements="36" coveredstatements="32" conditionals="2" coveredconditionals="2" methods="7" coveredmethods="7"/>
          <line num="1" count="7" type="stmt"/>
          <line num="2" count="7" type="stmt"/>
          <line num="4" count="7" type="stmt"/>
          <line num="5" count="7" type="stmt"/>
          <line num="7" count="7" type="stmt"/>
          <line num="8" count="6" type="stmt"/>
          <line num="9" count="6" type="stmt"/>
          <line num="10" count="6" type="cond" truecount="2" falsecount="0"/>
          <line num="11" count="3" type="stmt"/>
          <line num="13" count="3" type="stmt"/>
          <line num="17" count="7" type="stmt"/>
          <line num="18" count="1" type="stmt"/>
          <line num="19" count="1" type="stmt"/>
          <line num="20" count="1" type="stmt"/>
          <line num="22" count="0" type="stmt"/>
          <line num="26" count="7" type="stmt"/>
          <line num="27" count="16" type="stmt"/>
          <line num="28" count="16" type="stmt"/>
          <line num="29" count="10" type="stmt"/>
          <line num="31" count="6" type="stmt"/>
          <line num="35" count="7" type="stmt"/>
          <line num="36" count="1" type="stmt"/>
          <line num="37" count="1" type="stmt"/>
          <line num="38" count="1" type="stmt"/>
          <line num="40" count="0" type="stmt"/>
          <line num="44" count="7" type="stmt"/>
          <line num="45" count="1" type="stmt"/>
          <line num="46" count="1" type="stmt"/>
          <line num="47" count="1" type="stmt"/>
          <line num="49" count="0" type="stmt"/>
          <line num="53" count="7" type="stmt"/>
          <line num="54" count="1" type="stmt"/>
          <line num="55" count="1" type="stmt"/>
          <line num="56" count="1" type="stmt"/>
          <line num="58" count="0" type="stmt"/>
          <line num="61" count="7" type="stmt"/>
        </file>
        <file name="transfers.js" path="D:\Projects\Pratical-studies\seubarriga\src\routes\transfers.js">
          <metrics statements="42" coveredstatements="37" conditionals="2" coveredconditionals="2" methods="8" coveredmethods="8"/>
          <line num="1" count="7" type="stmt"/>
          <line num="2" count="7" type="stmt"/>
          <line num="4" count="7" type="stmt"/>
          <line num="5" count="7" type="stmt"/>
          <line num="6" count="7" type="stmt"/>
          <line num="7" count="11" type="stmt"/>
          <line num="8" count="11" type="stmt"/>
          <line num="9" count="11" type="cond" truecount="2" falsecount="0"/>
          <line num="10" count="10" type="stmt"/>
          <line num="12" count="1" type="stmt"/>
          <line num="16" count="7" type="stmt"/>
          <line num="17" count="17" type="stmt"/>
          <line num="18" count="17" type="stmt"/>
          <line num="19" count="3" type="stmt"/>
          <line num="21" count="14" type="stmt"/>
          <line num="24" count="7" type="stmt"/>
          <line num="25" count="1" type="stmt"/>
          <line num="26" count="1" type="stmt"/>
          <line num="27" count="1" type="stmt"/>
          <line num="29" count="0" type="stmt"/>
          <line num="32" count="7" type="stmt"/>
          <line num="33" count="2" type="stmt"/>
          <line num="34" count="2" type="stmt"/>
          <line num="36" count="2" type="stmt"/>
          <line num="37" count="2" type="stmt"/>
          <line num="39" count="0" type="stmt"/>
          <line num="42" count="7" type="stmt"/>
          <line num="43" count="1" type="stmt"/>
          <line num="44" count="1" type="stmt"/>
          <line num="45" count="1" type="stmt"/>
          <line num="47" count="0" type="stmt"/>
          <line num="50" count="7" type="stmt"/>
          <line num="51" count="1" type="stmt"/>
          <line num="54" count="1" type="stmt"/>
          <line num="55" count="1" type="stmt"/>
          <line num="57" count="0" type="stmt"/>
          <line num="60" count="7" type="stmt"/>
          <line num="61" count="1" type="stmt"/>
          <line num="62" count="1" type="stmt"/>
          <line num="63" count="1" type="stmt"/>
          <line num="65" count="0" type="stmt"/>
          <line num="68" count="7" type="stmt"/>
        </file>
        <file name="users.js" path="D:\Projects\Pratical-studies\seubarriga\src\routes\users.js">
          <metrics statements="14" coveredstatements="13" conditionals="0" coveredconditionals="0" methods="3" coveredmethods="3"/>
          <line num="1" count="7" type="stmt"/>
          <line num="3" count="7" type="stmt"/>
          <line num="4" count="7" type="stmt"/>
          <line num="6" count="7" type="stmt"/>
          <line num="7" count="1" type="stmt"/>
          <line num="8" count="1" type="stmt"/>
          <line num="9" count="1" type="stmt"/>
          <line num="11" count="0" type="stmt"/>
          <line num="15" count="7" type="stmt"/>
          <line num="16" count="6" type="stmt"/>
          <line num="17" count="6" type="stmt"/>
          <line num="18" count="2" type="stmt"/>
          <line num="20" count="4" type="stmt"/>
          <line num="24" count="7" type="stmt"/>
        </file>
      </package>
      <package name="seubarriga.src.seeds">
        <metrics statements="15" coveredstatements="15" conditionals="0" coveredconditionals="0" methods="2" coveredmethods="2"/>
        <file name="01_transfers.js" path="D:\Projects\Pratical-studies\seubarriga\src\seeds\01_transfers.js">
          <metrics statements="9" coveredstatements="9" conditionals="0" coveredconditionals="0" methods="1" coveredmethods="1"/>
          <line num="1" count="2" type="stmt"/>
          <line num="3" count="2" type="stmt"/>
          <line num="4" count="2" type="stmt"/>
          <line num="5" count="2" type="stmt"/>
          <line num="6" count="2" type="stmt"/>
          <line num="7" count="2" type="stmt"/>
          <line num="11" count="2" type="stmt"/>
          <line num="17" count="2" type="stmt"/>
          <line num="21" count="2" type="stmt"/>
        </file>
        <file name="02_balance.js" path="D:\Projects\Pratical-studies\seubarriga\src\seeds\02_balance.js">
          <metrics statements="6" coveredstatements="6" conditionals="0" coveredconditionals="0" methods="1" coveredmethods="1"/>
          <line num="1" count="2" type="stmt"/>
          <line num="3" count="2" type="stmt"/>
          <line num="4" count="2" type="stmt"/>
          <line num="9" count="2" type="stmt"/>
          <line num="17" count="2" type="stmt"/>
          <line num="21" count="2" type="stmt"/>
        </file>
      </package>
      <package name="seubarriga.src.services">
        <metrics statements="87" coveredstatements="87" conditionals="53" coveredconditionals="49" methods="27" coveredmethods="27"/>
        <file name="account.js" path="D:\Projects\Pratical-studies\seubarriga\src\services\account.js">
          <metrics statements="18" coveredstatements="18" conditionals="7" coveredconditionals="6" methods="6" coveredmethods="6"/>
          <line num="1" count="7" type="stmt"/>
          <line num="4" count="7" type="stmt"/>
          <line num="5" count="7" type="stmt"/>
          <line num="6" count="1" type="stmt"/>
          <line num="9" count="7" type="cond" truecount="0" falsecount="1"/>
          <line num="10" count="10" type="stmt"/>
          <line num="13" count="7" type="stmt"/>
          <line num="14" count="3" type="cond" truecount="2" falsecount="0"/>
          <line num="15" count="2" type="stmt"/>
          <line num="16" count="2" type="cond" truecount="2" falsecount="0"/>
          <line num="17" count="1" type="stmt"/>
          <line num="20" count="7" type="stmt"/>
          <line num="21" count="1" type="stmt"/>
          <line num="24" count="7" type="stmt"/>
          <line num="25" count="2" type="stmt"/>
          <line num="26" count="2" type="cond" truecount="2" falsecount="0"/>
          <line num="27" count="1" type="stmt"/>
          <line num="30" count="7" type="stmt"/>
        </file>
        <file name="balance.js" path="D:\Projects\Pratical-studies\seubarriga\src\services\balance.js">
          <metrics statements="3" coveredstatements="3" conditionals="0" coveredconditionals="0" methods="2" coveredmethods="2"/>
          <line num="1" count="7" type="stmt"/>
          <line num="2" count="10" type="stmt"/>
          <line num="10" count="7" type="stmt"/>
        </file>
        <file name="transaction.js" path="D:\Projects\Pratical-studies\seubarriga\src\services\transaction.js">
          <metrics statements="18" coveredstatements="18" conditionals="21" coveredconditionals="21" methods="6" coveredmethods="6"/>
          <line num="1" count="7" type="stmt"/>
          <line num="3" count="7" type="stmt"/>
          <line num="4" count="7" type="cond" truecount="1" falsecount="0"/>
          <line num="9" count="7" type="stmt"/>
          <line num="12" count="7" type="stmt"/>
          <line num="13" count="16" type="cond" truecount="2" falsecount="0"/>
          <line num="14" count="15" type="cond" truecount="2" falsecount="0"/>
          <line num="15" count="14" type="cond" truecount="2" falsecount="0"/>
          <line num="16" count="13" type="cond" truecount="2" falsecount="0"/>
          <line num="17" count="12" type="cond" truecount="2" falsecount="0"/>
          <line num="18" count="11" type="cond" truecount="4" falsecount="0"/>
          <line num="19" count="10" type="stmt"/>
          <line num="20" count="10" type="cond" truecount="6" falsecount="0"/>
          <line num="21" count="5" type="stmt"/>
          <line num="23" count="10" type="stmt"/>
          <line num="25" count="7" type="stmt"/>
          <line num="28" count="7" type="stmt"/>
          <line num="31" count="7" type="stmt"/>
        </file>
        <file name="transfer.js" path="D:\Projects\Pratical-studies\seubarriga\src\services\transfer.js">
          <metrics statements="30" coveredstatements="30" conditionals="16" coveredconditionals="14" methods="8" coveredmethods="8"/>
          <line num="1" count="7" type="stmt"/>
          <line num="3" count="7" type="stmt"/>
          <line num="4" count="12" type="cond" truecount="0" falsecount="1"/>
          <line num="7" count="7" type="cond" truecount="0" falsecount="1"/>
          <line num="11" count="7" type="stmt"/>
          <line num="12" count="17" type="cond" truecount="2" falsecount="0"/>
          <line num="13" count="15" type="cond" truecount="2" falsecount="0"/>
          <line num="14" count="13" type="cond" truecount="2" falsecount="0"/>
          <line num="15" count="11" type="cond" truecount="2" falsecount="0"/>
          <line num="16" count="9" type="cond" truecount="2" falsecount="0"/>
          <line num="17" count="7" type="cond" truecount="2" falsecount="0"/>
          <line num="18" count="5" type="stmt"/>
          <line num="19" count="5" type="stmt"/>
          <line num="20" count="10" type="cond" truecount="2" falsecount="0"/>
          <line num="24" count="7" type="stmt"/>
          <line num="26" count="2" type="stmt"/>
          <line num="28" count="2" type="stmt"/>
          <line num="29" count="2" type="stmt"/>
          <line num="33" count="2" type="stmt"/>
          <line num="34" count="2" type="stmt"/>
          <line num="36" count="7" type="stmt"/>
          <line num="38" count="1" type="stmt"/>
          <line num="41" count="1" type="stmt"/>
          <line num="45" count="1" type="stmt"/>
          <line num="46" count="1" type="stmt"/>
          <line num="47" count="1" type="stmt"/>
          <line num="49" count="7" type="stmt"/>
          <line num="50" count="1" type="stmt"/>
          <line num="51" count="1" type="stmt"/>
          <line num="53" count="7" type="stmt"/>
        </file>
        <file name="user.js" path="D:\Projects\Pratical-studies\seubarriga\src\services\user.js">
          <metrics statements="18" coveredstatements="18" conditionals="9" coveredconditionals="8" methods="5" coveredmethods="5"/>
          <line num="1" count="7" type="stmt"/>
          <line num="2" count="7" type="stmt"/>
          <line num="4" count="7" type="stmt"/>
          <line num="6" count="1" type="stmt"/>
          <line num="10" count="103" type="stmt"/>
          <line num="13" count="7" type="stmt"/>
          <line num="14" count="26" type="stmt"/>
          <line num="15" count="26" type="stmt"/>
          <line num="18" count="7" type="stmt"/>
          <line num="19" count="30" type="stmt"/>
          <line num="20" count="30" type="cond" truecount="2" falsecount="0"/>
          <line num="21" count="29" type="cond" truecount="2" falsecount="0"/>
          <line num="22" count="28" type="cond" truecount="2" falsecount="0"/>
          <line num="23" count="27" type="stmt"/>
          <line num="24" count="27" type="cond" truecount="2" falsecount="0"/>
          <line num="25" count="26" type="stmt"/>
          <line num="26" count="26" type="stmt"/>
          <line num="29" count="7" type="stmt"/>
        </file>
      </package>
    </metrics>
  </project>
</coverage>
