<?xml version="1.0" encoding="UTF-8"?>
<coverage generated="1672340614350" clover="3.2.0">
  <project timestamp="1672340614350" name="All files">
    <metrics statements="298" coveredstatements="146" conditionals="70" coveredconditionals="5" methods="66" coveredmethods="22" elements="434" coveredelements="173" complexity="0" loc="298" ncloc="298" packages="6" files="18" classes="18">
      <package name="seubarriga">
        <metrics statements="1" coveredstatements="1" conditionals="0" coveredconditionals="0" methods="0" coveredmethods="0"/>
        <file name="knexfile.js" path="D:\Projects\Pratical-studies\seubarriga\knexfile.js">
          <metrics statements="1" coveredstatements="1" conditionals="0" coveredconditionals="0" methods="0" coveredmethods="0"/>
          <line num="1" count="7" type="stmt"/>
        </file>
      </package>
      <package name="seubarriga.src">
        <metrics statements="17" coveredstatements="17" conditionals="4" coveredconditionals="2" methods="2" coveredmethods="2"/>
        <file name="app.js" path="D:\Projects\Pratical-studies\seubarriga\src\app.js">
          <metrics statements="17" coveredstatements="17" conditionals="4" coveredconditionals="2" methods="2" coveredmethods="2"/>
          <line num="1" count="7" type="stmt"/>
          <line num="2" count="7" type="stmt"/>
          <line num="3" count="7" type="stmt"/>
          <line num="4" count="7" type="stmt"/>
          <line num="6" count="7" type="stmt"/>
          <line num="8" count="7" type="stmt"/>
          <line num="10" count="7" type="stmt"/>
          <line num="18" count="7" type="stmt"/>
          <line num="19" count="1" type="stmt"/>
          <line num="22" count="7" type="stmt"/>
          <line num="23" count="40" type="stmt"/>
          <line num="24" count="40" type="cond" truecount="1" falsecount="1"/>
          <line num="25" count="40" type="cond" truecount="1" falsecount="1"/>
          <line num="27" count="40" type="stmt"/>
          <line num="28" count="40" type="stmt"/>
          <line num="30" count="40" type="stmt"/>
          <line num="43" count="7" type="stmt"/>
        </file>
      </package>
      <package name="seubarriga.src.config">
        <metrics statements="27" coveredstatements="25" conditionals="2" coveredconditionals="0" methods="5" coveredmethods="5"/>
        <file name="middlewares.js" path="D:\Projects\Pratical-studies\seubarriga\src\config\middlewares.js">
          <metrics statements="3" coveredstatements="3" conditionals="0" coveredconditionals="0" methods="1" coveredmethods="1"/>
          <line num="1" count="7" type="stmt"/>
          <line num="3" count="7" type="stmt"/>
          <line num="4" count="7" type="stmt"/>
        </file>
        <file name="passport.js" path="D:\Projects\Pratical-studies\seubarriga\src\config\passport.js">
          <metrics statements="14" coveredstatements="12" conditionals="2" coveredconditionals="0" methods="3" coveredmethods="3"/>
          <line num="1" count="7" type="stmt"/>
          <line num="2" count="7" type="stmt"/>
          <line num="4" count="7" type="stmt"/>
          <line num="6" count="7" type="stmt"/>
          <line num="8" count="7" type="stmt"/>
          <line num="9" count="7" type="stmt"/>
          <line num="14" count="7" type="stmt"/>
          <line num="15" count="38" type="stmt"/>
          <line num="16" count="38" type="stmt"/>
          <line num="17" count="0" type="cond" truecount="0" falsecount="2"/>
          <line num="18" count="0" type="stmt"/>
          <line num="20" count="38" type="stmt"/>
          <line num="24" count="7" type="stmt"/>
          <line num="26" count="7" type="stmt"/>
        </file>
        <file name="router.js" path="D:\Projects\Pratical-studies\seubarriga\src\config\router.js">
          <metrics statements="10" coveredstatements="10" conditionals="0" coveredconditionals="0" methods="1" coveredmethods="1"/>
          <line num="1" count="7" type="stmt"/>
          <line num="3" count="7" type="stmt"/>
          <line num="4" count="7" type="stmt"/>
          <line num="5" count="7" type="stmt"/>
          <line num="6" count="7" type="stmt"/>
          <line num="7" count="7" type="stmt"/>
          <line num="8" count="7" type="stmt"/>
          <line num="9" count="7" type="stmt"/>
          <line num="10" count="7" type="stmt"/>
          <line num="11" count="7" type="stmt"/>
        </file>
      </package>
      <package name="seubarriga.src.erros">
        <metrics statements="6" coveredstatements="2" conditionals="1" coveredconditionals="0" methods="2" coveredmethods="0"/>
        <file name="ValidationError.js" path="D:\Projects\Pratical-studies\seubarriga\src\erros\ValidationError.js">
          <metrics statements="3" coveredstatements="1" conditionals="0" coveredconditionals="0" methods="1" coveredmethods="0"/>
          <line num="1" count="7" type="stmt"/>
          <line num="2" count="0" type="stmt"/>
          <line num="3" count="0" type="stmt"/>
        </file>
        <file name="WrongResourceError.js" path="D:\Projects\Pratical-studies\seubarriga\src\erros\WrongResourceError.js">
          <metrics statements="3" coveredstatements="1" conditionals="1" coveredconditionals="0" methods="1" coveredmethods="0"/>
          <line num="1" count="7" type="cond" truecount="0" falsecount="1"/>
          <line num="2" count="0" type="stmt"/>
          <line num="3" count="0" type="stmt"/>
        </file>
      </package>
      <package name="seubarriga.src.routes">
        <metrics statements="160" coveredstatements="61" conditionals="10" coveredconditionals="0" methods="30" coveredmethods="8"/>
        <file name="accounts.js" path="D:\Projects\Pratical-studies\seubarriga\src\routes\accounts.js">
          <metrics statements="36" coveredstatements="11" conditionals="2" coveredconditionals="0" methods="7" coveredmethods="1"/>
          <line num="1" count="7" type="stmt"/>
          <line num="2" count="7" type="stmt"/>
          <line num="4" count="7" type="stmt"/>
          <line num="5" count="7" type="stmt"/>
          <line num="7" count="7" type="stmt"/>
          <line num="8" count="0" type="stmt"/>
          <line num="9" count="0" type="stmt"/>
          <line num="10" count="0" type="cond" truecount="0" falsecount="2"/>
          <line num="11" count="0" type="stmt"/>
          <line num="13" count="0" type="stmt"/>
          <line num="17" count="7" type="stmt"/>
          <line num="18" count="0" type="stmt"/>
          <line num="19" count="0" type="stmt"/>
          <line num="20" count="0" type="stmt"/>
          <line num="22" count="0" type="stmt"/>
          <line num="25" count="7" type="stmt"/>
          <line num="26" count="0" type="stmt"/>
          <line num="27" count="0" type="stmt"/>
          <line num="28" count="0" type="stmt"/>
          <line num="30" count="0" type="stmt"/>
          <line num="33" count="7" type="stmt"/>
          <line num="34" count="0" type="stmt"/>
          <line num="35" count="0" type="stmt"/>
          <line num="36" count="0" type="stmt"/>
          <line num="38" count="0" type="stmt"/>
          <line num="41" count="7" type="stmt"/>
          <line num="42" count="0" type="stmt"/>
          <line num="43" count="0" type="stmt"/>
          <line num="44" count="0" type="stmt"/>
          <line num="46" count="0" type="stmt"/>
          <line num="49" count="7" type="stmt"/>
          <line num="50" count="0" type="stmt"/>
          <line num="51" count="0" type="stmt"/>
          <line num="52" count="0" type="stmt"/>
          <line num="54" count="0" type="stmt"/>
          <line num="57" count="7" type="stmt"/>
        </file>
        <file name="auth.js" path="D:\Projects\Pratical-studies\seubarriga\src\routes\auth.js">
          <metrics statements="23" coveredstatements="16" conditionals="4" coveredconditionals="0" methods="3" coveredmethods="3"/>
          <line num="1" count="7" type="stmt"/>
          <line num="2" count="7" type="stmt"/>
          <line num="3" count="7" type="stmt"/>
          <line num="4" count="7" type="stmt"/>
          <line num="6" count="7" type="stmt"/>
          <line num="8" count="7" type="stmt"/>
          <line num="10" count="7" type="stmt"/>
          <line num="11" count="7" type="stmt"/>
          <line num="12" count="1" type="stmt"/>
          <line num="13" count="1" type="stmt"/>
          <line num="15" count="0" type="cond" truecount="0" falsecount="2"/>
          <line num="16" count="0" type="cond" truecount="0" falsecount="2"/>
          <line num="17" count="0" type="stmt"/>
          <line num="23" count="0" type="stmt"/>
          <line num="25" count="0" type="stmt"/>
          <line num="26" count="0" type="stmt"/>
          <line num="28" count="1" type="stmt"/>
          <line num="31" count="7" type="stmt"/>
          <line num="32" count="1" type="stmt"/>
          <line num="33" count="1" type="stmt"/>
          <line num="34" count="0" type="stmt"/>
          <line num="36" count="1" type="stmt"/>
          <line num="40" count="7" type="stmt"/>
        </file>
        <file name="balance.js" path="D:\Projects\Pratical-studies\seubarriga\src\routes\balance.js">
          <metrics statements="9" coveredstatements="5" conditionals="0" coveredconditionals="0" methods="2" coveredmethods="1"/>
          <line num="1" count="7" type="stmt"/>
          <line num="3" count="7" type="stmt"/>
          <line num="4" count="7" type="stmt"/>
          <line num="5" count="7" type="stmt"/>
          <line num="6" count="0" type="stmt"/>
          <line num="7" count="0" type="stmt"/>
          <line num="8" count="0" type="stmt"/>
          <line num="10" count="0" type="stmt"/>
          <line num="13" count="7" type="stmt"/>
        </file>
        <file name="transactions.js" path="D:\Projects\Pratical-studies\seubarriga\src\routes\transactions.js">
          <metrics statements="36" coveredstatements="11" conditionals="2" coveredconditionals="0" methods="7" coveredmethods="1"/>
          <line num="1" count="7" type="stmt"/>
          <line num="2" count="7" type="stmt"/>
          <line num="4" count="7" type="stmt"/>
          <line num="5" count="7" type="stmt"/>
          <line num="7" count="7" type="stmt"/>
          <line num="8" count="0" type="stmt"/>
          <line num="9" count="0" type="stmt"/>
          <line num="10" count="0" type="cond" truecount="0" falsecount="2"/>
          <line num="11" count="0" type="stmt"/>
          <line num="13" count="0" type="stmt"/>
          <line num="17" count="7" type="stmt"/>
          <line num="18" count="0" type="stmt"/>
          <line num="19" count="0" type="stmt"/>
          <line num="20" count="0" type="stmt"/>
          <line num="22" count="0" type="stmt"/>
          <line num="26" count="7" type="stmt"/>
          <line num="27" count="0" type="stmt"/>
          <line num="28" count="0" type="stmt"/>
          <line num="29" count="0" type="stmt"/>
          <line num="31" count="0" type="stmt"/>
          <line num="35" count="7" type="stmt"/>
          <line num="36" count="0" type="stmt"/>
          <line num="37" count="0" type="stmt"/>
          <line num="38" count="0" type="stmt"/>
          <line num="40" count="0" type="stmt"/>
          <line num="44" count="7" type="stmt"/>
          <line num="45" count="0" type="stmt"/>
          <line num="46" count="0" type="stmt"/>
          <line num="47" count="0" type="stmt"/>
          <line num="49" count="0" type="stmt"/>
          <line num="53" count="7" type="stmt"/>
          <line num="54" count="0" type="stmt"/>
          <line num="55" count="0" type="stmt"/>
          <line num="56" count="0" type="stmt"/>
          <line num="58" count="0" type="stmt"/>
          <line num="61" count="7" type="stmt"/>
        </file>
        <file name="transfers.js" path="D:\Projects\Pratical-studies\seubarriga\src\routes\transfers.js">
          <metrics statements="42" coveredstatements="12" conditionals="2" coveredconditionals="0" methods="8" coveredmethods="1"/>
          <line num="1" count="7" type="stmt"/>
          <line num="2" count="7" type="stmt"/>
          <line num="4" count="7" type="stmt"/>
          <line num="5" count="7" type="stmt"/>
          <line num="6" count="7" type="stmt"/>
          <line num="7" count="0" type="stmt"/>
          <line num="8" count="0" type="stmt"/>
          <line num="9" count="0" type="cond" truecount="0" falsecount="2"/>
          <line num="10" count="0" type="stmt"/>
          <line num="12" count="0" type="stmt"/>
          <line num="16" count="7" type="stmt"/>
          <line num="17" count="0" type="stmt"/>
          <line num="18" count="0" type="stmt"/>
          <line num="19" count="0" type="stmt"/>
          <line num="21" count="0" type="stmt"/>
          <line num="24" count="7" type="stmt"/>
          <line num="25" count="0" type="stmt"/>
          <line num="26" count="0" type="stmt"/>
          <line num="27" count="0" type="stmt"/>
          <line num="29" count="0" type="stmt"/>
          <line num="32" count="7" type="stmt"/>
          <line num="33" count="0" type="stmt"/>
          <line num="34" count="0" type="stmt"/>
          <line num="36" count="0" type="stmt"/>
          <line num="37" count="0" type="stmt"/>
          <line num="39" count="0" type="stmt"/>
          <line num="42" count="7" type="stmt"/>
          <line num="43" count="0" type="stmt"/>
          <line num="44" count="0" type="stmt"/>
          <line num="45" count="0" type="stmt"/>
          <line num="47" count="0" type="stmt"/>
          <line num="50" count="7" type="stmt"/>
          <line num="51" count="0" type="stmt"/>
          <line num="54" count="0" type="stmt"/>
          <line num="55" count="0" type="stmt"/>
          <line num="57" count="0" type="stmt"/>
          <line num="60" count="7" type="stmt"/>
          <line num="61" count="0" type="stmt"/>
          <line num="62" count="0" type="stmt"/>
          <line num="63" count="0" type="stmt"/>
          <line num="65" count="0" type="stmt"/>
          <line num="68" count="7" type="stmt"/>
        </file>
        <file name="users.js" path="D:\Projects\Pratical-studies\seubarriga\src\routes\users.js">
          <metrics statements="14" coveredstatements="6" conditionals="0" coveredconditionals="0" methods="3" coveredmethods="1"/>
          <line num="1" count="7" type="stmt"/>
          <line num="3" count="7" type="stmt"/>
          <line num="4" count="7" type="stmt"/>
          <line num="6" count="7" type="stmt"/>
          <line num="7" count="0" type="stmt"/>
          <line num="8" count="0" type="stmt"/>
          <line num="9" count="0" type="stmt"/>
          <line num="11" count="0" type="stmt"/>
          <line num="15" count="7" type="stmt"/>
          <line num="16" count="0" type="stmt"/>
          <line num="17" count="0" type="stmt"/>
          <line num="18" count="0" type="stmt"/>
          <line num="20" count="0" type="stmt"/>
          <line num="24" count="7" type="stmt"/>
        </file>
      </package>
      <package name="seubarriga.src.services">
        <metrics statements="87" coveredstatements="40" conditionals="53" coveredconditionals="3" methods="27" coveredmethods="7"/>
        <file name="account.js" path="D:\Projects\Pratical-studies\seubarriga\src\services\account.js">
          <metrics statements="18" coveredstatements="8" conditionals="7" coveredconditionals="0" methods="6" coveredmethods="1"/>
          <line num="1" count="7" type="stmt"/>
          <line num="4" count="7" type="stmt"/>
          <line num="5" count="7" type="stmt"/>
          <line num="6" count="0" type="stmt"/>
          <line num="9" count="7" type="cond" truecount="0" falsecount="1"/>
          <line num="10" count="0" type="stmt"/>
          <line num="13" count="7" type="stmt"/>
          <line num="14" count="0" type="cond" truecount="0" falsecount="2"/>
          <line num="15" count="0" type="stmt"/>
          <line num="16" count="0" type="cond" truecount="0" falsecount="2"/>
          <line num="17" count="0" type="stmt"/>
          <line num="20" count="7" type="stmt"/>
          <line num="21" count="0" type="stmt"/>
          <line num="24" count="7" type="stmt"/>
          <line num="25" count="0" type="stmt"/>
          <line num="26" count="0" type="cond" truecount="0" falsecount="2"/>
          <line num="27" count="0" type="stmt"/>
          <line num="30" count="7" type="stmt"/>
        </file>
        <file name="balance.js" path="D:\Projects\Pratical-studies\seubarriga\src\services\balance.js">
          <metrics statements="3" coveredstatements="3" conditionals="0" coveredconditionals="0" methods="2" coveredmethods="1"/>
          <line num="1" count="7" type="stmt"/>
          <line num="2" count="7" type="stmt"/>
          <line num="10" count="7" type="stmt"/>
        </file>
        <file name="transaction.js" path="D:\Projects\Pratical-studies\seubarriga\src\services\transaction.js">
          <metrics statements="18" coveredstatements="8" conditionals="21" coveredconditionals="0" methods="6" coveredmethods="1"/>
          <line num="1" count="7" type="stmt"/>
          <line num="3" count="7" type="stmt"/>
          <line num="4" count="7" type="cond" truecount="0" falsecount="1"/>
          <line num="9" count="7" type="stmt"/>
          <line num="12" count="7" type="stmt"/>
          <line num="13" count="0" type="cond" truecount="0" falsecount="2"/>
          <line num="14" count="0" type="cond" truecount="0" falsecount="2"/>
          <line num="15" count="0" type="cond" truecount="0" falsecount="2"/>
          <line num="16" count="0" type="cond" truecount="0" falsecount="2"/>
          <line num="17" count="0" type="cond" truecount="0" falsecount="2"/>
          <line num="18" count="0" type="cond" truecount="0" falsecount="4"/>
          <line num="19" count="0" type="stmt"/>
          <line num="20" count="0" type="cond" truecount="0" falsecount="6"/>
          <line num="21" count="0" type="stmt"/>
          <line num="23" count="0" type="stmt"/>
          <line num="25" count="7" type="stmt"/>
          <line num="28" count="7" type="stmt"/>
          <line num="31" count="7" type="stmt"/>
        </file>
        <file name="transfer.js" path="D:\Projects\Pratical-studies\seubarriga\src\services\transfer.js">
          <metrics statements="30" coveredstatements="9" conditionals="16" coveredconditionals="0" methods="8" coveredmethods="1"/>
          <line num="1" count="7" type="stmt"/>
          <line num="3" count="7" type="stmt"/>
          <line num="4" count="7" type="cond" truecount="0" falsecount="1"/>
          <line num="7" count="7" type="cond" truecount="0" falsecount="1"/>
          <line num="11" count="7" type="stmt"/>
          <line num="12" count="0" type="cond" truecount="0" falsecount="2"/>
          <line num="13" count="0" type="cond" truecount="0" falsecount="2"/>
          <line num="14" count="0" type="cond" truecount="0" falsecount="2"/>
          <line num="15" count="0" type="cond" truecount="0" falsecount="2"/>
          <line num="16" count="0" type="cond" truecount="0" falsecount="2"/>
          <line num="17" count="0" type="cond" truecount="0" falsecount="2"/>
          <line num="18" count="0" type="stmt"/>
          <line num="19" count="0" type="stmt"/>
          <line num="20" count="0" type="cond" truecount="0" falsecount="2"/>
          <line num="24" count="7" type="stmt"/>
          <line num="26" count="0" type="stmt"/>
          <line num="28" count="0" type="stmt"/>
          <line num="29" count="0" type="stmt"/>
          <line num="33" count="0" type="stmt"/>
          <line num="34" count="0" type="stmt"/>
          <line num="36" count="7" type="stmt"/>
          <line num="38" count="0" type="stmt"/>
          <line num="41" count="0" type="stmt"/>
          <line num="45" count="0" type="stmt"/>
          <line num="46" count="0" type="stmt"/>
          <line num="47" count="0" type="stmt"/>
          <line num="49" count="7" type="stmt"/>
          <line num="50" count="0" type="stmt"/>
          <line num="51" count="0" type="stmt"/>
          <line num="53" count="7" type="stmt"/>
        </file>
        <file name="user.js" path="D:\Projects\Pratical-studies\seubarriga\src\services\user.js">
          <metrics statements="18" coveredstatements="12" conditionals="9" coveredconditionals="3" methods="5" coveredmethods="3"/>
          <line num="1" count="7" type="stmt"/>
          <line num="2" count="7" type="stmt"/>
          <line num="4" count="7" type="stmt"/>
          <line num="6" count="0" type="stmt"/>
          <line num="10" count="53" type="stmt"/>
          <line num="13" count="7" type="stmt"/>
          <line num="14" count="0" type="stmt"/>
          <line num="15" count="0" type="stmt"/>
          <line num="18" count="7" type="stmt"/>
          <line num="19" count="14" type="stmt"/>
          <line num="20" count="14" type="cond" truecount="1" falsecount="1"/>
          <line num="21" count="14" type="cond" truecount="1" falsecount="1"/>
          <line num="22" count="14" type="cond" truecount="1" falsecount="1"/>
          <line num="23" count="14" type="stmt"/>
          <line num="24" count="0" type="cond" truecount="0" falsecount="2"/>
          <line num="25" count="0" type="stmt"/>
          <line num="26" count="0" type="stmt"/>
          <line num="29" count="7" type="stmt"/>
        </file>
      </package>
    </metrics>
  </project>
</coverage>
