{"D:\\Projects\\Pratical-studies\\seubarriga\\knexfile.js": {"path":"D:\\Projects\\Pratical-studies\\seubarriga\\knexfile.js","statementMap":{"0":{"start":{"line":1,"column":0},"end":{"line":25,"column":2}}},"fnMap":{},"branchMap":{},"s":{"0":7},"f":{},"b":{},"_coverageSchema":"332fd63041d2c1bcb487cc26dd0d5f7d97098a6c","hash":"d9809e8cf1b3a38366b3f9fb28a3f3429cb6819c"}
,"D:\\Projects\\Pratical-studies\\seubarriga\\src\\app.js": {"path":"D:\\Projects\\Pratical-studies\\seubarriga\\src\\app.js","statementMap":{"0":{"start":{"line":1,"column":12},"end":{"line":1,"column":32}},"1":{"start":{"line":2,"column":16},"end":{"line":2,"column":34}},"2":{"start":{"line":3,"column":13},"end":{"line":3,"column":28}},"3":{"start":{"line":4,"column":17},"end":{"line":4,"column":39}},"4":{"start":{"line":6,"column":0},"end":{"line":6,"column":65}},"5":{"start":{"line":8,"column":0},"end":{"line":8,"column":46}},"6":{"start":{"line":10,"column":0},"end":{"line":16,"column":13}},"7":{"start":{"line":18,"column":0},"end":{"line":20,"column":3}},"8":{"start":{"line":19,"column":2},"end":{"line":19,"column":25}},"9":{"start":{"line":22,"column":0},"end":{"line":31,"column":3}},"10":{"start":{"line":23,"column":35},"end":{"line":23,"column":38}},"11":{"start":{"line":24,"column":2},"end":{"line":29,"column":3}},"12":{"start":{"line":24,"column":34},"end":{"line":24,"column":75}},"13":{"start":{"line":25,"column":7},"end":{"line":29,"column":3}},"14":{"start":{"line":25,"column":42},"end":{"line":25,"column":83}},"15":{"start":{"line":27,"column":4},"end":{"line":27,"column":25}},"16":{"start":{"line":28,"column":4},"end":{"line":28,"column":51}},"17":{"start":{"line":30,"column":2},"end":{"line":30,"column":12}},"18":{"start":{"line":43,"column":0},"end":{"line":43,"column":21}}},"fnMap":{"0":{"name":"(anonymous_0)","decl":{"start":{"line":18,"column":13},"end":{"line":18,"column":14}},"loc":{"start":{"line":18,"column":27},"end":{"line":20,"column":1}},"line":18},"1":{"name":"(anonymous_1)","decl":{"start":{"line":22,"column":8},"end":{"line":22,"column":9}},"loc":{"start":{"line":22,"column":33},"end":{"line":31,"column":1}},"line":22}},"branchMap":{"0":{"loc":{"start":{"line":24,"column":2},"end":{"line":29,"column":3}},"type":"if","locations":[{"start":{"line":24,"column":2},"end":{"line":29,"column":3}},{"start":{"line":24,"column":2},"end":{"line":29,"column":3}}],"line":24},"1":{"loc":{"start":{"line":25,"column":7},"end":{"line":29,"column":3}},"type":"if","locations":[{"start":{"line":25,"column":7},"end":{"line":29,"column":3}},{"start":{"line":25,"column":7},"end":{"line":29,"column":3}}],"line":25}},"s":{"0":7,"1":7,"2":7,"3":7,"4":7,"5":7,"6":7,"7":7,"8":1,"9":7,"10":40,"11":40,"12":0,"13":40,"14":0,"15":40,"16":40,"17":40,"18":7},"f":{"0":1,"1":40},"b":{"0":[0,40],"1":[0,40]},"_coverageSchema":"332fd63041d2c1bcb487cc26dd0d5f7d97098a6c","hash":"27fbdc08b7319c3d25c5d06fd19993c7a71db4e6"}
,"D:\\Projects\\Pratical-studies\\seubarriga\\src\\config\\middlewares.js": {"path":"D:\\Projects\\Pratical-studies\\seubarriga\\src\\config\\middlewares.js","statementMap":{"0":{"start":{"line":1,"column":19},"end":{"line":1,"column":41}},"1":{"start":{"line":3,"column":0},"end":{"line":5,"column":2}},"2":{"start":{"line":4,"column":2},"end":{"line":4,"column":29}}},"fnMap":{"0":{"name":"(anonymous_0)","decl":{"start":{"line":3,"column":17},"end":{"line":3,"column":18}},"loc":{"start":{"line":3,"column":26},"end":{"line":5,"column":1}},"line":3}},"branchMap":{},"s":{"0":7,"1":7,"2":7},"f":{"0":7},"b":{},"_coverageSchema":"332fd63041d2c1bcb487cc26dd0d5f7d97098a6c","hash":"c65a3731019e6b7002afb3a51eb12ea9dc19fcf1"}
,"D:\\Projects\\Pratical-studies\\seubarriga\\src\\config\\passport.js": {"path":"D:\\Projects\\Pratical-studies\\seubarriga\\src\\config\\passport.js","statementMap":{"0":{"start":{"line":1,"column":17},"end":{"line":1,"column":36}},"1":{"start":{"line":2,"column":20},"end":{"line":2,"column":43}},"2":{"start":{"line":4,"column":15},"end":{"line":4,"column":25}},"3":{"start":{"line":6,"column":33},"end":{"line":6,"column":44}},"4":{"start":{"line":8,"column":0},"end":{"line":27,"column":2}},"5":{"start":{"line":9,"column":17},"end":{"line":12,"column":3}},"6":{"start":{"line":14,"column":19},"end":{"line":22,"column":4}},"7":{"start":{"line":15,"column":4},"end":{"line":21,"column":5}},"8":{"start":{"line":16,"column":19},"end":{"line":16,"column":70}},"9":{"start":{"line":17,"column":6},"end":{"line":17,"column":50}},"10":{"start":{"line":17,"column":16},"end":{"line":17,"column":50}},"11":{"start":{"line":18,"column":6},"end":{"line":18,"column":31}},"12":{"start":{"line":20,"column":6},"end":{"line":20,"column":32}},"13":{"start":{"line":24,"column":2},"end":{"line":24,"column":25}},"14":{"start":{"line":26,"column":2},"end":{"line":26,"column":82}},"15":{"start":{"line":26,"column":31},"end":{"line":26,"column":79}}},"fnMap":{"0":{"name":"(anonymous_0)","decl":{"start":{"line":8,"column":17},"end":{"line":8,"column":18}},"loc":{"start":{"line":8,"column":26},"end":{"line":27,"column":1}},"line":8},"1":{"name":"(anonymous_1)","decl":{"start":{"line":14,"column":40},"end":{"line":14,"column":41}},"loc":{"start":{"line":14,"column":65},"end":{"line":22,"column":3}},"line":14},"2":{"name":"(anonymous_2)","decl":{"start":{"line":26,"column":25},"end":{"line":26,"column":26}},"loc":{"start":{"line":26,"column":31},"end":{"line":26,"column":79}},"line":26}},"branchMap":{"0":{"loc":{"start":{"line":17,"column":6},"end":{"line":17,"column":50}},"type":"if","locations":[{"start":{"line":17,"column":6},"end":{"line":17,"column":50}},{"start":{"line":17,"column":6},"end":{"line":17,"column":50}}],"line":17}},"s":{"0":7,"1":7,"2":7,"3":7,"4":7,"5":7,"6":7,"7":38,"8":38,"9":0,"10":0,"11":0,"12":38,"13":7,"14":7,"15":7},"f":{"0":7,"1":38,"2":7},"b":{"0":[0,0]},"_coverageSchema":"332fd63041d2c1bcb487cc26dd0d5f7d97098a6c","hash":"8cd661cad808b725beb2e05c60f4ef4988901f94"}
,"D:\\Projects\\Pratical-studies\\seubarriga\\src\\config\\router.js": {"path":"D:\\Projects\\Pratical-studies\\seubarriga\\src\\config\\router.js","statementMap":{"0":{"start":{"line":1,"column":16},"end":{"line":1,"column":34}},"1":{"start":{"line":3,"column":0},"end":{"line":12,"column":2}},"2":{"start":{"line":4,"column":2},"end":{"line":4,"column":36}},"3":{"start":{"line":5,"column":24},"end":{"line":5,"column":40}},"4":{"start":{"line":6,"column":2},"end":{"line":6,"column":48}},"5":{"start":{"line":7,"column":2},"end":{"line":7,"column":54}},"6":{"start":{"line":8,"column":2},"end":{"line":8,"column":62}},"7":{"start":{"line":9,"column":2},"end":{"line":9,"column":56}},"8":{"start":{"line":10,"column":2},"end":{"line":10,"column":52}},"9":{"start":{"line":11,"column":2},"end":{"line":11,"column":68}}},"fnMap":{"0":{"name":"(anonymous_0)","decl":{"start":{"line":3,"column":17},"end":{"line":3,"column":18}},"loc":{"start":{"line":3,"column":26},"end":{"line":12,"column":1}},"line":3}},"branchMap":{},"s":{"0":7,"1":7,"2":7,"3":7,"4":7,"5":7,"6":7,"7":7,"8":7,"9":7},"f":{"0":7},"b":{},"_coverageSchema":"332fd63041d2c1bcb487cc26dd0d5f7d97098a6c","hash":"84307e5aff875ebc84378299d323b4e7767823d6"}
,"D:\\Projects\\Pratical-studies\\seubarriga\\src\\erros\\ValidationError.js": {"path":"D:\\Projects\\Pratical-studies\\seubarriga\\src\\erros\\ValidationError.js","statementMap":{"0":{"start":{"line":1,"column":0},"end":{"line":4,"column":2}},"1":{"start":{"line":2,"column":2},"end":{"line":2,"column":32}},"2":{"start":{"line":3,"column":2},"end":{"line":3,"column":25}}},"fnMap":{"0":{"name":"ValidationError","decl":{"start":{"line":1,"column":26},"end":{"line":1,"column":41}},"loc":{"start":{"line":1,"column":51},"end":{"line":4,"column":1}},"line":1}},"branchMap":{},"s":{"0":7,"1":0,"2":0},"f":{"0":0},"b":{},"_coverageSchema":"332fd63041d2c1bcb487cc26dd0d5f7d97098a6c","hash":"9d78656beabe685ad2b7a83a0c1f411a137c272f"}
,"D:\\Projects\\Pratical-studies\\seubarriga\\src\\erros\\WrongResourceError.js": {"path":"D:\\Projects\\Pratical-studies\\seubarriga\\src\\erros\\WrongResourceError.js","statementMap":{"0":{"start":{"line":1,"column":0},"end":{"line":4,"column":2}},"1":{"start":{"line":2,"column":2},"end":{"line":2,"column":35}},"2":{"start":{"line":3,"column":2},"end":{"line":3,"column":25}}},"fnMap":{"0":{"name":"WrongResourceError","decl":{"start":{"line":1,"column":26},"end":{"line":1,"column":44}},"loc":{"start":{"line":1,"column":95},"end":{"line":4,"column":1}},"line":1}},"branchMap":{"0":{"loc":{"start":{"line":1,"column":45},"end":{"line":1,"column":93}},"type":"default-arg","locations":[{"start":{"line":1,"column":55},"end":{"line":1,"column":93}}],"line":1}},"s":{"0":7,"1":0,"2":0},"f":{"0":0},"b":{"0":[0]},"_coverageSchema":"332fd63041d2c1bcb487cc26dd0d5f7d97098a6c","hash":"30ae2fc576b50f31c2d311e75486b41b28167293"}
,"D:\\Projects\\Pratical-studies\\seubarriga\\src\\routes\\accounts.js": {"path":"D:\\Projects\\Pratical-studies\\seubarriga\\src\\routes\\accounts.js","statementMap":{"0":{"start":{"line":1,"column":16},"end":{"line":1,"column":34}},"1":{"start":{"line":2,"column":27},"end":{"line":2,"column":65}},"2":{"start":{"line":4,"column":0},"end":{"line":58,"column":2}},"3":{"start":{"line":5,"column":17},"end":{"line":5,"column":33}},"4":{"start":{"line":7,"column":2},"end":{"line":15,"column":5}},"5":{"start":{"line":8,"column":4},"end":{"line":14,"column":5}},"6":{"start":{"line":9,"column":22},"end":{"line":9,"column":76}},"7":{"start":{"line":10,"column":6},"end":{"line":11,"column":25}},"8":{"start":{"line":10,"column":43},"end":{"line":10,"column":74}},"9":{"start":{"line":11,"column":11},"end":{"line":11,"column":25}},"10":{"start":{"line":13,"column":6},"end":{"line":13,"column":25}},"11":{"start":{"line":17,"column":2},"end":{"line":24,"column":5}},"12":{"start":{"line":18,"column":4},"end":{"line":23,"column":5}},"13":{"start":{"line":19,"column":21},"end":{"line":19,"column":91}},"14":{"start":{"line":20,"column":6},"end":{"line":20,"column":45}},"15":{"start":{"line":22,"column":6},"end":{"line":22,"column":25}},"16":{"start":{"line":25,"column":2},"end":{"line":32,"column":5}},"17":{"start":{"line":26,"column":4},"end":{"line":31,"column":5}},"18":{"start":{"line":27,"column":21},"end":{"line":27,"column":68}},"19":{"start":{"line":28,"column":6},"end":{"line":28,"column":42}},"20":{"start":{"line":30,"column":6},"end":{"line":30,"column":25}},"21":{"start":{"line":33,"column":2},"end":{"line":40,"column":5}},"22":{"start":{"line":34,"column":4},"end":{"line":39,"column":5}},"23":{"start":{"line":35,"column":21},"end":{"line":35,"column":75}},"24":{"start":{"line":36,"column":6},"end":{"line":36,"column":42}},"25":{"start":{"line":38,"column":6},"end":{"line":38,"column":25}},"26":{"start":{"line":41,"column":2},"end":{"line":48,"column":5}},"27":{"start":{"line":42,"column":4},"end":{"line":47,"column":5}},"28":{"start":{"line":43,"column":21},"end":{"line":43,"column":79}},"29":{"start":{"line":44,"column":6},"end":{"line":44,"column":45}},"30":{"start":{"line":46,"column":6},"end":{"line":46,"column":25}},"31":{"start":{"line":49,"column":2},"end":{"line":56,"column":5}},"32":{"start":{"line":50,"column":4},"end":{"line":55,"column":5}},"33":{"start":{"line":51,"column":6},"end":{"line":51,"column":55}},"34":{"start":{"line":52,"column":6},"end":{"line":52,"column":36}},"35":{"start":{"line":54,"column":6},"end":{"line":54,"column":25}},"36":{"start":{"line":57,"column":2},"end":{"line":57,"column":16}}},"fnMap":{"0":{"name":"(anonymous_0)","decl":{"start":{"line":4,"column":17},"end":{"line":4,"column":18}},"loc":{"start":{"line":4,"column":26},"end":{"line":58,"column":1}},"line":4},"1":{"name":"(anonymous_1)","decl":{"start":{"line":7,"column":21},"end":{"line":7,"column":22}},"loc":{"start":{"line":7,"column":47},"end":{"line":15,"column":3}},"line":7},"2":{"name":"(anonymous_2)","decl":{"start":{"line":17,"column":19},"end":{"line":17,"column":20}},"loc":{"start":{"line":17,"column":45},"end":{"line":24,"column":3}},"line":17},"3":{"name":"(anonymous_3)","decl":{"start":{"line":25,"column":18},"end":{"line":25,"column":19}},"loc":{"start":{"line":25,"column":44},"end":{"line":32,"column":3}},"line":25},"4":{"name":"(anonymous_4)","decl":{"start":{"line":33,"column":21},"end":{"line":33,"column":22}},"loc":{"start":{"line":33,"column":47},"end":{"line":40,"column":3}},"line":33},"5":{"name":"(anonymous_5)","decl":{"start":{"line":41,"column":21},"end":{"line":41,"column":22}},"loc":{"start":{"line":41,"column":47},"end":{"line":48,"column":3}},"line":41},"6":{"name":"(anonymous_6)","decl":{"start":{"line":49,"column":24},"end":{"line":49,"column":25}},"loc":{"start":{"line":49,"column":50},"end":{"line":56,"column":3}},"line":49}},"branchMap":{"0":{"loc":{"start":{"line":10,"column":6},"end":{"line":11,"column":25}},"type":"if","locations":[{"start":{"line":10,"column":6},"end":{"line":11,"column":25}},{"start":{"line":10,"column":6},"end":{"line":11,"column":25}}],"line":10}},"s":{"0":7,"1":7,"2":7,"3":7,"4":7,"5":0,"6":0,"7":0,"8":0,"9":0,"10":0,"11":7,"12":0,"13":0,"14":0,"15":0,"16":7,"17":0,"18":0,"19":0,"20":0,"21":7,"22":0,"23":0,"24":0,"25":0,"26":7,"27":0,"28":0,"29":0,"30":0,"31":7,"32":0,"33":0,"34":0,"35":0,"36":7},"f":{"0":7,"1":0,"2":0,"3":0,"4":0,"5":0,"6":0},"b":{"0":[0,0]},"_coverageSchema":"332fd63041d2c1bcb487cc26dd0d5f7d97098a6c","hash":"db76a206b10af5526307f93912fdb835ece3a6e2"}
,"D:\\Projects\\Pratical-studies\\seubarriga\\src\\routes\\auth.js": {"path":"D:\\Projects\\Pratical-studies\\seubarriga\\src\\routes\\auth.js","statementMap":{"0":{"start":{"line":1,"column":16},"end":{"line":1,"column":34}},"1":{"start":{"line":2,"column":12},"end":{"line":2,"column":33}},"2":{"start":{"line":3,"column":15},"end":{"line":3,"column":39}},"3":{"start":{"line":4,"column":24},"end":{"line":4,"column":59}},"4":{"start":{"line":6,"column":15},"end":{"line":6,"column":25}},"5":{"start":{"line":8,"column":0},"end":{"line":41,"column":2}},"6":{"start":{"line":10,"column":17},"end":{"line":10,"column":33}},"7":{"start":{"line":11,"column":2},"end":{"line":30,"column":5}},"8":{"start":{"line":12,"column":4},"end":{"line":29,"column":5}},"9":{"start":{"line":13,"column":19},"end":{"line":13,"column":77}},"10":{"start":{"line":15,"column":6},"end":{"line":15,"column":72}},"11":{"start":{"line":15,"column":17},"end":{"line":15,"column":72}},"12":{"start":{"line":16,"column":6},"end":{"line":24,"column":7}},"13":{"start":{"line":17,"column":8},"end":{"line":21,"column":10}},"14":{"start":{"line":23,"column":8},"end":{"line":23,"column":63}},"15":{"start":{"line":25,"column":20},"end":{"line":25,"column":47}},"16":{"start":{"line":26,"column":6},"end":{"line":26,"column":45}},"17":{"start":{"line":28,"column":6},"end":{"line":28,"column":25}},"18":{"start":{"line":31,"column":2},"end":{"line":38,"column":5}},"19":{"start":{"line":32,"column":4},"end":{"line":37,"column":5}},"20":{"start":{"line":33,"column":21},"end":{"line":33,"column":59}},"21":{"start":{"line":34,"column":6},"end":{"line":34,"column":45}},"22":{"start":{"line":36,"column":6},"end":{"line":36,"column":25}},"23":{"start":{"line":40,"column":2},"end":{"line":40,"column":16}}},"fnMap":{"0":{"name":"(anonymous_0)","decl":{"start":{"line":8,"column":17},"end":{"line":8,"column":18}},"loc":{"start":{"line":8,"column":26},"end":{"line":41,"column":1}},"line":8},"1":{"name":"(anonymous_1)","decl":{"start":{"line":11,"column":25},"end":{"line":11,"column":26}},"loc":{"start":{"line":11,"column":51},"end":{"line":30,"column":3}},"line":11},"2":{"name":"(anonymous_2)","decl":{"start":{"line":31,"column":25},"end":{"line":31,"column":26}},"loc":{"start":{"line":31,"column":51},"end":{"line":38,"column":3}},"line":31}},"branchMap":{"0":{"loc":{"start":{"line":15,"column":6},"end":{"line":15,"column":72}},"type":"if","locations":[{"start":{"line":15,"column":6},"end":{"line":15,"column":72}},{"start":{"line":15,"column":6},"end":{"line":15,"column":72}}],"line":15},"1":{"loc":{"start":{"line":16,"column":6},"end":{"line":24,"column":7}},"type":"if","locations":[{"start":{"line":16,"column":6},"end":{"line":24,"column":7}},{"start":{"line":16,"column":6},"end":{"line":24,"column":7}}],"line":16}},"s":{"0":7,"1":7,"2":7,"3":7,"4":7,"5":7,"6":7,"7":7,"8":1,"9":1,"10":0,"11":0,"12":0,"13":0,"14":0,"15":0,"16":0,"17":1,"18":7,"19":1,"20":1,"21":0,"22":1,"23":7},"f":{"0":7,"1":1,"2":1},"b":{"0":[0,0],"1":[0,0]},"_coverageSchema":"332fd63041d2c1bcb487cc26dd0d5f7d97098a6c","hash":"bacb454dcaf946237f2229a596a62943a745cbf1"}
,"D:\\Projects\\Pratical-studies\\seubarriga\\src\\routes\\balance.js": {"path":"D:\\Projects\\Pratical-studies\\seubarriga\\src\\routes\\balance.js","statementMap":{"0":{"start":{"line":1,"column":16},"end":{"line":1,"column":34}},"1":{"start":{"line":3,"column":0},"end":{"line":14,"column":2}},"2":{"start":{"line":4,"column":17},"end":{"line":4,"column":33}},"3":{"start":{"line":5,"column":2},"end":{"line":12,"column":5}},"4":{"start":{"line":6,"column":4},"end":{"line":11,"column":5}},"5":{"start":{"line":7,"column":21},"end":{"line":7,"column":71}},"6":{"start":{"line":8,"column":6},"end":{"line":8,"column":42}},"7":{"start":{"line":10,"column":6},"end":{"line":10,"column":25}},"8":{"start":{"line":13,"column":2},"end":{"line":13,"column":16}}},"fnMap":{"0":{"name":"(anonymous_0)","decl":{"start":{"line":3,"column":17},"end":{"line":3,"column":18}},"loc":{"start":{"line":3,"column":26},"end":{"line":14,"column":1}},"line":3},"1":{"name":"(anonymous_1)","decl":{"start":{"line":5,"column":18},"end":{"line":5,"column":19}},"loc":{"start":{"line":5,"column":44},"end":{"line":12,"column":3}},"line":5}},"branchMap":{},"s":{"0":7,"1":7,"2":7,"3":7,"4":0,"5":0,"6":0,"7":0,"8":7},"f":{"0":7,"1":0},"b":{},"_coverageSchema":"332fd63041d2c1bcb487cc26dd0d5f7d97098a6c","hash":"63389907ef56aa73e4b743823d0c68c9f858bc14"}
,"D:\\Projects\\Pratical-studies\\seubarriga\\src\\routes\\transactions.js": {"path":"D:\\Projects\\Pratical-studies\\seubarriga\\src\\routes\\transactions.js","statementMap":{"0":{"start":{"line":1,"column":16},"end":{"line":1,"column":34}},"1":{"start":{"line":2,"column":27},"end":{"line":2,"column":65}},"2":{"start":{"line":4,"column":0},"end":{"line":62,"column":2}},"3":{"start":{"line":5,"column":17},"end":{"line":5,"column":33}},"4":{"start":{"line":7,"column":2},"end":{"line":15,"column":5}},"5":{"start":{"line":8,"column":4},"end":{"line":14,"column":5}},"6":{"start":{"line":9,"column":21},"end":{"line":9,"column":107}},"7":{"start":{"line":10,"column":6},"end":{"line":10,"column":43}},"8":{"start":{"line":10,"column":29},"end":{"line":10,"column":43}},"9":{"start":{"line":11,"column":6},"end":{"line":11,"column":37}},"10":{"start":{"line":13,"column":6},"end":{"line":13,"column":25}},"11":{"start":{"line":17,"column":2},"end":{"line":24,"column":5}},"12":{"start":{"line":18,"column":4},"end":{"line":23,"column":5}},"13":{"start":{"line":19,"column":21},"end":{"line":19,"column":69}},"14":{"start":{"line":20,"column":6},"end":{"line":20,"column":42}},"15":{"start":{"line":22,"column":6},"end":{"line":22,"column":25}},"16":{"start":{"line":26,"column":2},"end":{"line":33,"column":5}},"17":{"start":{"line":27,"column":4},"end":{"line":32,"column":5}},"18":{"start":{"line":28,"column":21},"end":{"line":28,"column":66}},"19":{"start":{"line":29,"column":6},"end":{"line":29,"column":45}},"20":{"start":{"line":31,"column":6},"end":{"line":31,"column":25}},"21":{"start":{"line":35,"column":2},"end":{"line":42,"column":5}},"22":{"start":{"line":36,"column":4},"end":{"line":41,"column":5}},"23":{"start":{"line":37,"column":21},"end":{"line":37,"column":82}},"24":{"start":{"line":38,"column":6},"end":{"line":38,"column":42}},"25":{"start":{"line":40,"column":6},"end":{"line":40,"column":25}},"26":{"start":{"line":44,"column":2},"end":{"line":51,"column":5}},"27":{"start":{"line":45,"column":4},"end":{"line":50,"column":5}},"28":{"start":{"line":46,"column":21},"end":{"line":46,"column":91}},"29":{"start":{"line":47,"column":6},"end":{"line":47,"column":42}},"30":{"start":{"line":49,"column":6},"end":{"line":49,"column":25}},"31":{"start":{"line":53,"column":2},"end":{"line":60,"column":5}},"32":{"start":{"line":54,"column":4},"end":{"line":59,"column":5}},"33":{"start":{"line":55,"column":6},"end":{"line":55,"column":67}},"34":{"start":{"line":56,"column":6},"end":{"line":56,"column":36}},"35":{"start":{"line":58,"column":6},"end":{"line":58,"column":25}},"36":{"start":{"line":61,"column":2},"end":{"line":61,"column":16}}},"fnMap":{"0":{"name":"(anonymous_0)","decl":{"start":{"line":4,"column":17},"end":{"line":4,"column":18}},"loc":{"start":{"line":4,"column":26},"end":{"line":62,"column":1}},"line":4},"1":{"name":"(anonymous_1)","decl":{"start":{"line":7,"column":21},"end":{"line":7,"column":22}},"loc":{"start":{"line":7,"column":47},"end":{"line":15,"column":3}},"line":7},"2":{"name":"(anonymous_2)","decl":{"start":{"line":17,"column":18},"end":{"line":17,"column":19}},"loc":{"start":{"line":17,"column":44},"end":{"line":24,"column":3}},"line":17},"3":{"name":"(anonymous_3)","decl":{"start":{"line":26,"column":19},"end":{"line":26,"column":20}},"loc":{"start":{"line":26,"column":45},"end":{"line":33,"column":3}},"line":26},"4":{"name":"(anonymous_4)","decl":{"start":{"line":35,"column":21},"end":{"line":35,"column":22}},"loc":{"start":{"line":35,"column":47},"end":{"line":42,"column":3}},"line":35},"5":{"name":"(anonymous_5)","decl":{"start":{"line":44,"column":21},"end":{"line":44,"column":22}},"loc":{"start":{"line":44,"column":47},"end":{"line":51,"column":3}},"line":44},"6":{"name":"(anonymous_6)","decl":{"start":{"line":53,"column":24},"end":{"line":53,"column":25}},"loc":{"start":{"line":53,"column":50},"end":{"line":60,"column":3}},"line":53}},"branchMap":{"0":{"loc":{"start":{"line":10,"column":6},"end":{"line":10,"column":43}},"type":"if","locations":[{"start":{"line":10,"column":6},"end":{"line":10,"column":43}},{"start":{"line":10,"column":6},"end":{"line":10,"column":43}}],"line":10}},"s":{"0":7,"1":7,"2":7,"3":7,"4":7,"5":0,"6":0,"7":0,"8":0,"9":0,"10":0,"11":7,"12":0,"13":0,"14":0,"15":0,"16":7,"17":0,"18":0,"19":0,"20":0,"21":7,"22":0,"23":0,"24":0,"25":0,"26":7,"27":0,"28":0,"29":0,"30":0,"31":7,"32":0,"33":0,"34":0,"35":0,"36":7},"f":{"0":7,"1":0,"2":0,"3":0,"4":0,"5":0,"6":0},"b":{"0":[0,0]},"_coverageSchema":"332fd63041d2c1bcb487cc26dd0d5f7d97098a6c","hash":"3cf7a0925fc0719aab018dcfe06f95f88730a07b"}
,"D:\\Projects\\Pratical-studies\\seubarriga\\src\\routes\\transfers.js": {"path":"D:\\Projects\\Pratical-studies\\seubarriga\\src\\routes\\transfers.js","statementMap":{"0":{"start":{"line":1,"column":16},"end":{"line":1,"column":34}},"1":{"start":{"line":2,"column":27},"end":{"line":2,"column":65}},"2":{"start":{"line":4,"column":0},"end":{"line":69,"column":2}},"3":{"start":{"line":5,"column":17},"end":{"line":5,"column":33}},"4":{"start":{"line":6,"column":2},"end":{"line":14,"column":5}},"5":{"start":{"line":7,"column":4},"end":{"line":13,"column":5}},"6":{"start":{"line":8,"column":21},"end":{"line":8,"column":79}},"7":{"start":{"line":9,"column":6},"end":{"line":9,"column":73}},"8":{"start":{"line":9,"column":42},"end":{"line":9,"column":73}},"9":{"start":{"line":10,"column":6},"end":{"line":10,"column":20}},"10":{"start":{"line":12,"column":6},"end":{"line":12,"column":25}},"11":{"start":{"line":16,"column":19},"end":{"line":23,"column":3}},"12":{"start":{"line":17,"column":4},"end":{"line":22,"column":5}},"13":{"start":{"line":18,"column":6},"end":{"line":18,"column":82}},"14":{"start":{"line":19,"column":6},"end":{"line":19,"column":20}},"15":{"start":{"line":21,"column":6},"end":{"line":21,"column":25}},"16":{"start":{"line":24,"column":2},"end":{"line":31,"column":5}},"17":{"start":{"line":25,"column":4},"end":{"line":30,"column":5}},"18":{"start":{"line":26,"column":16},"end":{"line":26,"column":74}},"19":{"start":{"line":27,"column":6},"end":{"line":27,"column":37}},"20":{"start":{"line":29,"column":6},"end":{"line":29,"column":25}},"21":{"start":{"line":32,"column":2},"end":{"line":41,"column":5}},"22":{"start":{"line":33,"column":4},"end":{"line":40,"column":5}},"23":{"start":{"line":34,"column":23},"end":{"line":34,"column":60}},"24":{"start":{"line":36,"column":16},"end":{"line":36,"column":58}},"25":{"start":{"line":37,"column":6},"end":{"line":37,"column":37}},"26":{"start":{"line":39,"column":6},"end":{"line":39,"column":25}},"27":{"start":{"line":42,"column":2},"end":{"line":49,"column":5}},"28":{"start":{"line":43,"column":4},"end":{"line":48,"column":5}},"29":{"start":{"line":44,"column":21},"end":{"line":44,"column":79}},"30":{"start":{"line":45,"column":6},"end":{"line":45,"column":42}},"31":{"start":{"line":47,"column":6},"end":{"line":47,"column":25}},"32":{"start":{"line":50,"column":2},"end":{"line":59,"column":5}},"33":{"start":{"line":51,"column":4},"end":{"line":58,"column":5}},"34":{"start":{"line":54,"column":21},"end":{"line":54,"column":80}},"35":{"start":{"line":55,"column":6},"end":{"line":55,"column":42}},"36":{"start":{"line":57,"column":6},"end":{"line":57,"column":25}},"37":{"start":{"line":60,"column":2},"end":{"line":67,"column":5}},"38":{"start":{"line":61,"column":4},"end":{"line":66,"column":5}},"39":{"start":{"line":62,"column":6},"end":{"line":62,"column":56}},"40":{"start":{"line":63,"column":6},"end":{"line":63,"column":36}},"41":{"start":{"line":65,"column":6},"end":{"line":65,"column":25}},"42":{"start":{"line":68,"column":2},"end":{"line":68,"column":16}}},"fnMap":{"0":{"name":"(anonymous_0)","decl":{"start":{"line":4,"column":17},"end":{"line":4,"column":18}},"loc":{"start":{"line":4,"column":26},"end":{"line":69,"column":1}},"line":4},"1":{"name":"(anonymous_1)","decl":{"start":{"line":6,"column":21},"end":{"line":6,"column":22}},"loc":{"start":{"line":6,"column":47},"end":{"line":14,"column":3}},"line":6},"2":{"name":"(anonymous_2)","decl":{"start":{"line":16,"column":19},"end":{"line":16,"column":20}},"loc":{"start":{"line":16,"column":45},"end":{"line":23,"column":3}},"line":16},"3":{"name":"(anonymous_3)","decl":{"start":{"line":24,"column":18},"end":{"line":24,"column":19}},"loc":{"start":{"line":24,"column":44},"end":{"line":31,"column":3}},"line":24},"4":{"name":"(anonymous_4)","decl":{"start":{"line":32,"column":29},"end":{"line":32,"column":30}},"loc":{"start":{"line":32,"column":55},"end":{"line":41,"column":3}},"line":32},"5":{"name":"(anonymous_5)","decl":{"start":{"line":42,"column":21},"end":{"line":42,"column":22}},"loc":{"start":{"line":42,"column":47},"end":{"line":49,"column":3}},"line":42},"6":{"name":"(anonymous_6)","decl":{"start":{"line":50,"column":31},"end":{"line":50,"column":32}},"loc":{"start":{"line":50,"column":57},"end":{"line":59,"column":3}},"line":50},"7":{"name":"(anonymous_7)","decl":{"start":{"line":60,"column":24},"end":{"line":60,"column":25}},"loc":{"start":{"line":60,"column":50},"end":{"line":67,"column":3}},"line":60}},"branchMap":{"0":{"loc":{"start":{"line":9,"column":6},"end":{"line":9,"column":73}},"type":"if","locations":[{"start":{"line":9,"column":6},"end":{"line":9,"column":73}},{"start":{"line":9,"column":6},"end":{"line":9,"column":73}}],"line":9}},"s":{"0":7,"1":7,"2":7,"3":7,"4":7,"5":0,"6":0,"7":0,"8":0,"9":0,"10":0,"11":7,"12":0,"13":0,"14":0,"15":0,"16":7,"17":0,"18":0,"19":0,"20":0,"21":7,"22":0,"23":0,"24":0,"25":0,"26":0,"27":7,"28":0,"29":0,"30":0,"31":0,"32":7,"33":0,"34":0,"35":0,"36":0,"37":7,"38":0,"39":0,"40":0,"41":0,"42":7},"f":{"0":7,"1":0,"2":0,"3":0,"4":0,"5":0,"6":0,"7":0},"b":{"0":[0,0]},"_coverageSchema":"332fd63041d2c1bcb487cc26dd0d5f7d97098a6c","hash":"fb2b06a44e80ea9014ab71f99398d6eb5c8fdcd2"}
,"D:\\Projects\\Pratical-studies\\seubarriga\\src\\routes\\users.js": {"path":"D:\\Projects\\Pratical-studies\\seubarriga\\src\\routes\\users.js","statementMap":{"0":{"start":{"line":1,"column":16},"end":{"line":1,"column":34}},"1":{"start":{"line":3,"column":0},"end":{"line":25,"column":2}},"2":{"start":{"line":4,"column":17},"end":{"line":4,"column":33}},"3":{"start":{"line":6,"column":2},"end":{"line":13,"column":5}},"4":{"start":{"line":7,"column":4},"end":{"line":12,"column":5}},"5":{"start":{"line":8,"column":20},"end":{"line":8,"column":53}},"6":{"start":{"line":9,"column":6},"end":{"line":9,"column":41}},"7":{"start":{"line":11,"column":6},"end":{"line":11,"column":25}},"8":{"start":{"line":15,"column":2},"end":{"line":22,"column":5}},"9":{"start":{"line":16,"column":4},"end":{"line":21,"column":5}},"10":{"start":{"line":17,"column":21},"end":{"line":17,"column":59}},"11":{"start":{"line":18,"column":6},"end":{"line":18,"column":45}},"12":{"start":{"line":20,"column":6},"end":{"line":20,"column":25}},"13":{"start":{"line":24,"column":2},"end":{"line":24,"column":16}}},"fnMap":{"0":{"name":"(anonymous_0)","decl":{"start":{"line":3,"column":17},"end":{"line":3,"column":18}},"loc":{"start":{"line":3,"column":26},"end":{"line":25,"column":1}},"line":3},"1":{"name":"(anonymous_1)","decl":{"start":{"line":6,"column":18},"end":{"line":6,"column":19}},"loc":{"start":{"line":6,"column":44},"end":{"line":13,"column":3}},"line":6},"2":{"name":"(anonymous_2)","decl":{"start":{"line":15,"column":19},"end":{"line":15,"column":20}},"loc":{"start":{"line":15,"column":45},"end":{"line":22,"column":3}},"line":15}},"branchMap":{},"s":{"0":7,"1":7,"2":7,"3":7,"4":0,"5":0,"6":0,"7":0,"8":7,"9":0,"10":0,"11":0,"12":0,"13":7},"f":{"0":7,"1":0,"2":0},"b":{},"_coverageSchema":"332fd63041d2c1bcb487cc26dd0d5f7d97098a6c","hash":"8fe66926bc72090b845fd620f844c4c47ca924d7"}
,"D:\\Projects\\Pratical-studies\\seubarriga\\src\\services\\account.js": {"path":"D:\\Projects\\Pratical-studies\\seubarriga\\src\\services\\account.js","statementMap":{"0":{"start":{"line":1,"column":24},"end":{"line":1,"column":59}},"1":{"start":{"line":4,"column":0},"end":{"line":31,"column":2}},"2":{"start":{"line":5,"column":18},"end":{"line":7,"column":3}},"3":{"start":{"line":6,"column":4},"end":{"line":6,"column":57}},"4":{"start":{"line":9,"column":15},"end":{"line":11,"column":3}},"5":{"start":{"line":10,"column":4},"end":{"line":10,"column":52}},"6":{"start":{"line":13,"column":15},"end":{"line":18,"column":3}},"7":{"start":{"line":14,"column":4},"end":{"line":14,"column":83}},"8":{"start":{"line":14,"column":23},"end":{"line":14,"column":83}},"9":{"start":{"line":15,"column":18},"end":{"line":15,"column":78}},"10":{"start":{"line":16,"column":4},"end":{"line":16,"column":79}},"11":{"start":{"line":16,"column":15},"end":{"line":16,"column":79}},"12":{"start":{"line":17,"column":4},"end":{"line":17,"column":51}},"13":{"start":{"line":20,"column":17},"end":{"line":22,"column":3}},"14":{"start":{"line":21,"column":4},"end":{"line":21,"column":65}},"15":{"start":{"line":24,"column":17},"end":{"line":28,"column":3}},"16":{"start":{"line":25,"column":19},"end":{"line":25,"column":73}},"17":{"start":{"line":26,"column":4},"end":{"line":26,"column":85}},"18":{"start":{"line":26,"column":16},"end":{"line":26,"column":85}},"19":{"start":{"line":27,"column":4},"end":{"line":27,"column":53}},"20":{"start":{"line":30,"column":2},"end":{"line":30,"column":49}}},"fnMap":{"0":{"name":"(anonymous_0)","decl":{"start":{"line":4,"column":17},"end":{"line":4,"column":18}},"loc":{"start":{"line":4,"column":26},"end":{"line":31,"column":1}},"line":4},"1":{"name":"(anonymous_1)","decl":{"start":{"line":5,"column":18},"end":{"line":5,"column":19}},"loc":{"start":{"line":5,"column":30},"end":{"line":7,"column":3}},"line":5},"2":{"name":"(anonymous_2)","decl":{"start":{"line":9,"column":15},"end":{"line":9,"column":16}},"loc":{"start":{"line":9,"column":32},"end":{"line":11,"column":3}},"line":9},"3":{"name":"(anonymous_3)","decl":{"start":{"line":13,"column":15},"end":{"line":13,"column":16}},"loc":{"start":{"line":13,"column":34},"end":{"line":18,"column":3}},"line":13},"4":{"name":"(anonymous_4)","decl":{"start":{"line":20,"column":17},"end":{"line":20,"column":18}},"loc":{"start":{"line":20,"column":34},"end":{"line":22,"column":3}},"line":20},"5":{"name":"(anonymous_5)","decl":{"start":{"line":24,"column":17},"end":{"line":24,"column":18}},"loc":{"start":{"line":24,"column":31},"end":{"line":28,"column":3}},"line":24}},"branchMap":{"0":{"loc":{"start":{"line":9,"column":16},"end":{"line":9,"column":27}},"type":"default-arg","locations":[{"start":{"line":9,"column":25},"end":{"line":9,"column":27}}],"line":9},"1":{"loc":{"start":{"line":14,"column":4},"end":{"line":14,"column":83}},"type":"if","locations":[{"start":{"line":14,"column":4},"end":{"line":14,"column":83}},{"start":{"line":14,"column":4},"end":{"line":14,"column":83}}],"line":14},"2":{"loc":{"start":{"line":16,"column":4},"end":{"line":16,"column":79}},"type":"if","locations":[{"start":{"line":16,"column":4},"end":{"line":16,"column":79}},{"start":{"line":16,"column":4},"end":{"line":16,"column":79}}],"line":16},"3":{"loc":{"start":{"line":26,"column":4},"end":{"line":26,"column":85}},"type":"if","locations":[{"start":{"line":26,"column":4},"end":{"line":26,"column":85}},{"start":{"line":26,"column":4},"end":{"line":26,"column":85}}],"line":26}},"s":{"0":7,"1":7,"2":7,"3":0,"4":7,"5":0,"6":7,"7":0,"8":0,"9":0,"10":0,"11":0,"12":0,"13":7,"14":0,"15":7,"16":0,"17":0,"18":0,"19":0,"20":7},"f":{"0":7,"1":0,"2":0,"3":0,"4":0,"5":0},"b":{"0":[0],"1":[0,0],"2":[0,0],"3":[0,0]},"_coverageSchema":"332fd63041d2c1bcb487cc26dd0d5f7d97098a6c","hash":"a8ee7b8fc55e75f91e991b9d58b2df8a2213ee4d"}
,"D:\\Projects\\Pratical-studies\\seubarriga\\src\\services\\balance.js": {"path":"D:\\Projects\\Pratical-studies\\seubarriga\\src\\services\\balance.js","statementMap":{"0":{"start":{"line":1,"column":0},"end":{"line":11,"column":2}},"1":{"start":{"line":2,"column":21},"end":{"line":9,"column":22}},"2":{"start":{"line":2,"column":33},"end":{"line":9,"column":22}},"3":{"start":{"line":10,"column":2},"end":{"line":10,"column":24}}},"fnMap":{"0":{"name":"(anonymous_0)","decl":{"start":{"line":1,"column":17},"end":{"line":1,"column":18}},"loc":{"start":{"line":1,"column":26},"end":{"line":11,"column":1}},"line":1},"1":{"name":"(anonymous_1)","decl":{"start":{"line":2,"column":21},"end":{"line":2,"column":22}},"loc":{"start":{"line":2,"column":33},"end":{"line":9,"column":22}},"line":2}},"branchMap":{},"s":{"0":7,"1":7,"2":0,"3":7},"f":{"0":7,"1":0},"b":{},"_coverageSchema":"332fd63041d2c1bcb487cc26dd0d5f7d97098a6c","hash":"086ad63d7cf0f51229c75cfcb85e76684118b9a7"}
,"D:\\Projects\\Pratical-studies\\seubarriga\\src\\services\\transaction.js": {"path":"D:\\Projects\\Pratical-studies\\seubarriga\\src\\services\\transaction.js","statementMap":{"0":{"start":{"line":1,"column":24},"end":{"line":1,"column":59}},"1":{"start":{"line":3,"column":0},"end":{"line":32,"column":2}},"2":{"start":{"line":4,"column":15},"end":{"line":8,"column":13}},"3":{"start":{"line":4,"column":40},"end":{"line":8,"column":13}},"4":{"start":{"line":9,"column":18},"end":{"line":11,"column":12}},"5":{"start":{"line":9,"column":30},"end":{"line":11,"column":12}},"6":{"start":{"line":12,"column":15},"end":{"line":24,"column":3}},"7":{"start":{"line":13,"column":4},"end":{"line":13,"column":91}},"8":{"start":{"line":13,"column":26},"end":{"line":13,"column":91}},"9":{"start":{"line":14,"column":4},"end":{"line":14,"column":83}},"10":{"start":{"line":14,"column":22},"end":{"line":14,"column":83}},"11":{"start":{"line":15,"column":4},"end":{"line":15,"column":79}},"12":{"start":{"line":15,"column":19},"end":{"line":15,"column":79}},"13":{"start":{"line":16,"column":4},"end":{"line":16,"column":82}},"14":{"start":{"line":16,"column":21},"end":{"line":16,"column":82}},"15":{"start":{"line":17,"column":4},"end":{"line":17,"column":79}},"16":{"start":{"line":17,"column":19},"end":{"line":17,"column":79}},"17":{"start":{"line":18,"column":4},"end":{"line":18,"column":132}},"18":{"start":{"line":18,"column":46},"end":{"line":18,"column":132}},"19":{"start":{"line":19,"column":24},"end":{"line":19,"column":27}},"20":{"start":{"line":20,"column":4},"end":{"line":22,"column":5}},"21":{"start":{"line":21,"column":6},"end":{"line":21,"column":32}},"22":{"start":{"line":23,"column":4},"end":{"line":23,"column":59}},"23":{"start":{"line":25,"column":17},"end":{"line":27,"column":29}},"24":{"start":{"line":25,"column":34},"end":{"line":27,"column":29}},"25":{"start":{"line":28,"column":17},"end":{"line":30,"column":10}},"26":{"start":{"line":28,"column":25},"end":{"line":30,"column":10}},"27":{"start":{"line":31,"column":2},"end":{"line":31,"column":49}}},"fnMap":{"0":{"name":"(anonymous_0)","decl":{"start":{"line":3,"column":17},"end":{"line":3,"column":18}},"loc":{"start":{"line":3,"column":26},"end":{"line":32,"column":1}},"line":3},"1":{"name":"(anonymous_1)","decl":{"start":{"line":4,"column":15},"end":{"line":4,"column":16}},"loc":{"start":{"line":4,"column":40},"end":{"line":8,"column":13}},"line":4},"2":{"name":"(anonymous_2)","decl":{"start":{"line":9,"column":18},"end":{"line":9,"column":19}},"loc":{"start":{"line":9,"column":30},"end":{"line":11,"column":12}},"line":9},"3":{"name":"(anonymous_3)","decl":{"start":{"line":12,"column":15},"end":{"line":12,"column":16}},"loc":{"start":{"line":12,"column":24},"end":{"line":24,"column":3}},"line":12},"4":{"name":"(anonymous_4)","decl":{"start":{"line":25,"column":17},"end":{"line":25,"column":18}},"loc":{"start":{"line":25,"column":34},"end":{"line":27,"column":29}},"line":25},"5":{"name":"(anonymous_5)","decl":{"start":{"line":28,"column":17},"end":{"line":28,"column":18}},"loc":{"start":{"line":28,"column":25},"end":{"line":30,"column":10}},"line":28}},"branchMap":{"0":{"loc":{"start":{"line":4,"column":24},"end":{"line":4,"column":35}},"type":"default-arg","locations":[{"start":{"line":4,"column":33},"end":{"line":4,"column":35}}],"line":4},"1":{"loc":{"start":{"line":13,"column":4},"end":{"line":13,"column":91}},"type":"if","locations":[{"start":{"line":13,"column":4},"end":{"line":13,"column":91}},{"start":{"line":13,"column":4},"end":{"line":13,"column":91}}],"line":13},"2":{"loc":{"start":{"line":14,"column":4},"end":{"line":14,"column":83}},"type":"if","locations":[{"start":{"line":14,"column":4},"end":{"line":14,"column":83}},{"start":{"line":14,"column":4},"end":{"line":14,"column":83}}],"line":14},"3":{"loc":{"start":{"line":15,"column":4},"end":{"line":15,"column":79}},"type":"if","locations":[{"start":{"line":15,"column":4},"end":{"line":15,"column":79}},{"start":{"line":15,"column":4},"end":{"line":15,"column":79}}],"line":15},"4":{"loc":{"start":{"line":16,"column":4},"end":{"line":16,"column":82}},"type":"if","locations":[{"start":{"line":16,"column":4},"end":{"line":16,"column":82}},{"start":{"line":16,"column":4},"end":{"line":16,"column":82}}],"line":16},"5":{"loc":{"start":{"line":17,"column":4},"end":{"line":17,"column":79}},"type":"if","locations":[{"start":{"line":17,"column":4},"end":{"line":17,"column":79}},{"start":{"line":17,"column":4},"end":{"line":17,"column":79}}],"line":17},"6":{"loc":{"start":{"line":18,"column":4},"end":{"line":18,"column":132}},"type":"if","locations":[{"start":{"line":18,"column":4},"end":{"line":18,"column":132}},{"start":{"line":18,"column":4},"end":{"line":18,"column":132}}],"line":18},"7":{"loc":{"start":{"line":18,"column":8},"end":{"line":18,"column":44}},"type":"binary-expr","locations":[{"start":{"line":18,"column":8},"end":{"line":18,"column":24}},{"start":{"line":18,"column":28},"end":{"line":18,"column":44}}],"line":18},"8":{"loc":{"start":{"line":20,"column":4},"end":{"line":22,"column":5}},"type":"if","locations":[{"start":{"line":20,"column":4},"end":{"line":22,"column":5}},{"start":{"line":20,"column":4},"end":{"line":22,"column":5}}],"line":20},"9":{"loc":{"start":{"line":20,"column":8},"end":{"line":20,"column":118}},"type":"binary-expr","locations":[{"start":{"line":20,"column":9},"end":{"line":20,"column":33}},{"start":{"line":20,"column":37},"end":{"line":20,"column":60}},{"start":{"line":20,"column":66},"end":{"line":20,"column":90}},{"start":{"line":20,"column":94},"end":{"line":20,"column":117}}],"line":20}},"s":{"0":7,"1":7,"2":7,"3":0,"4":7,"5":0,"6":7,"7":0,"8":0,"9":0,"10":0,"11":0,"12":0,"13":0,"14":0,"15":0,"16":0,"17":0,"18":0,"19":0,"20":0,"21":0,"22":0,"23":7,"24":0,"25":7,"26":0,"27":7},"f":{"0":7,"1":0,"2":0,"3":0,"4":0,"5":0},"b":{"0":[0],"1":[0,0],"2":[0,0],"3":[0,0],"4":[0,0],"5":[0,0],"6":[0,0],"7":[0,0],"8":[0,0],"9":[0,0,0,0]},"_coverageSchema":"332fd63041d2c1bcb487cc26dd0d5f7d97098a6c","hash":"3986840829d3d061f0c3f64fec7c8ec3bff67c26"}
,"D:\\Projects\\Pratical-studies\\seubarriga\\src\\services\\transfer.js": {"path":"D:\\Projects\\Pratical-studies\\seubarriga\\src\\services\\transfer.js","statementMap":{"0":{"start":{"line":1,"column":24},"end":{"line":1,"column":59}},"1":{"start":{"line":3,"column":0},"end":{"line":54,"column":2}},"2":{"start":{"line":4,"column":18},"end":{"line":6,"column":12}},"3":{"start":{"line":4,"column":35},"end":{"line":6,"column":12}},"4":{"start":{"line":7,"column":15},"end":{"line":9,"column":13}},"5":{"start":{"line":7,"column":32},"end":{"line":9,"column":13}},"6":{"start":{"line":11,"column":19},"end":{"line":22,"column":3}},"7":{"start":{"line":12,"column":4},"end":{"line":12,"column":96}},"8":{"start":{"line":12,"column":31},"end":{"line":12,"column":96}},"9":{"start":{"line":13,"column":4},"end":{"line":13,"column":88}},"10":{"start":{"line":13,"column":27},"end":{"line":13,"column":88}},"11":{"start":{"line":14,"column":4},"end":{"line":14,"column":84}},"12":{"start":{"line":14,"column":24},"end":{"line":14,"column":84}},"13":{"start":{"line":15,"column":4},"end":{"line":15,"column":101}},"14":{"start":{"line":15,"column":30},"end":{"line":15,"column":101}},"15":{"start":{"line":16,"column":4},"end":{"line":16,"column":102}},"16":{"start":{"line":16,"column":30},"end":{"line":16,"column":102}},"17":{"start":{"line":17,"column":4},"end":{"line":17,"column":129}},"18":{"start":{"line":17,"column":53},"end":{"line":17,"column":129}},"19":{"start":{"line":18,"column":25},"end":{"line":18,"column":107}},"20":{"start":{"line":19,"column":4},"end":{"line":21,"column":7}},"21":{"start":{"line":20,"column":6},"end":{"line":20,"column":130}},"22":{"start":{"line":20,"column":44},"end":{"line":20,"column":130}},"23":{"start":{"line":24,"column":15},"end":{"line":35,"column":3}},"24":{"start":{"line":26,"column":19},"end":{"line":26,"column":66}},"25":{"start":{"line":28,"column":23},"end":{"line":28,"column":41}},"26":{"start":{"line":29,"column":25},"end":{"line":32,"column":5}},"27":{"start":{"line":33,"column":4},"end":{"line":33,"column":54}},"28":{"start":{"line":34,"column":4},"end":{"line":34,"column":18}},"29":{"start":{"line":36,"column":17},"end":{"line":48,"column":3}},"30":{"start":{"line":38,"column":19},"end":{"line":40,"column":28}},"31":{"start":{"line":41,"column":25},"end":{"line":44,"column":5}},"32":{"start":{"line":45,"column":4},"end":{"line":45,"column":66}},"33":{"start":{"line":46,"column":4},"end":{"line":46,"column":54}},"34":{"start":{"line":47,"column":4},"end":{"line":47,"column":18}},"35":{"start":{"line":49,"column":17},"end":{"line":52,"column":3}},"36":{"start":{"line":50,"column":4},"end":{"line":50,"column":66}},"37":{"start":{"line":51,"column":4},"end":{"line":51,"column":51}},"38":{"start":{"line":53,"column":2},"end":{"line":53,"column":59}}},"fnMap":{"0":{"name":"(anonymous_0)","decl":{"start":{"line":3,"column":17},"end":{"line":3,"column":18}},"loc":{"start":{"line":3,"column":26},"end":{"line":54,"column":1}},"line":3},"1":{"name":"(anonymous_1)","decl":{"start":{"line":4,"column":18},"end":{"line":4,"column":19}},"loc":{"start":{"line":4,"column":35},"end":{"line":6,"column":12}},"line":4},"2":{"name":"(anonymous_2)","decl":{"start":{"line":7,"column":15},"end":{"line":7,"column":16}},"loc":{"start":{"line":7,"column":32},"end":{"line":9,"column":13}},"line":7},"3":{"name":"(anonymous_3)","decl":{"start":{"line":11,"column":19},"end":{"line":11,"column":20}},"loc":{"start":{"line":11,"column":39},"end":{"line":22,"column":3}},"line":11},"4":{"name":"(anonymous_4)","decl":{"start":{"line":19,"column":25},"end":{"line":19,"column":26}},"loc":{"start":{"line":19,"column":34},"end":{"line":21,"column":5}},"line":19},"5":{"name":"(anonymous_5)","decl":{"start":{"line":24,"column":15},"end":{"line":24,"column":16}},"loc":{"start":{"line":24,"column":35},"end":{"line":35,"column":3}},"line":24},"6":{"name":"(anonymous_6)","decl":{"start":{"line":36,"column":17},"end":{"line":36,"column":18}},"loc":{"start":{"line":36,"column":41},"end":{"line":48,"column":3}},"line":36},"7":{"name":"(anonymous_7)","decl":{"start":{"line":49,"column":17},"end":{"line":49,"column":18}},"loc":{"start":{"line":49,"column":31},"end":{"line":52,"column":3}},"line":49}},"branchMap":{"0":{"loc":{"start":{"line":4,"column":19},"end":{"line":4,"column":30}},"type":"default-arg","locations":[{"start":{"line":4,"column":28},"end":{"line":4,"column":30}}],"line":4},"1":{"loc":{"start":{"line":7,"column":16},"end":{"line":7,"column":27}},"type":"default-arg","locations":[{"start":{"line":7,"column":25},"end":{"line":7,"column":27}}],"line":7},"2":{"loc":{"start":{"line":12,"column":4},"end":{"line":12,"column":96}},"type":"if","locations":[{"start":{"line":12,"column":4},"end":{"line":12,"column":96}},{"start":{"line":12,"column":4},"end":{"line":12,"column":96}}],"line":12},"3":{"loc":{"start":{"line":13,"column":4},"end":{"line":13,"column":88}},"type":"if","locations":[{"start":{"line":13,"column":4},"end":{"line":13,"column":88}},{"start":{"line":13,"column":4},"end":{"line":13,"column":88}}],"line":13},"4":{"loc":{"start":{"line":14,"column":4},"end":{"line":14,"column":84}},"type":"if","locations":[{"start":{"line":14,"column":4},"end":{"line":14,"column":84}},{"start":{"line":14,"column":4},"end":{"line":14,"column":84}}],"line":14},"5":{"loc":{"start":{"line":15,"column":4},"end":{"line":15,"column":101}},"type":"if","locations":[{"start":{"line":15,"column":4},"end":{"line":15,"column":101}},{"start":{"line":15,"column":4},"end":{"line":15,"column":101}}],"line":15},"6":{"loc":{"start":{"line":16,"column":4},"end":{"line":16,"column":102}},"type":"if","locations":[{"start":{"line":16,"column":4},"end":{"line":16,"column":102}},{"start":{"line":16,"column":4},"end":{"line":16,"column":102}}],"line":16},"7":{"loc":{"start":{"line":17,"column":4},"end":{"line":17,"column":129}},"type":"if","locations":[{"start":{"line":17,"column":4},"end":{"line":17,"column":129}},{"start":{"line":17,"column":4},"end":{"line":17,"column":129}}],"line":17},"8":{"loc":{"start":{"line":20,"column":6},"end":{"line":20,"column":130}},"type":"if","locations":[{"start":{"line":20,"column":6},"end":{"line":20,"column":130}},{"start":{"line":20,"column":6},"end":{"line":20,"column":130}}],"line":20}},"s":{"0":7,"1":7,"2":7,"3":0,"4":7,"5":0,"6":7,"7":0,"8":0,"9":0,"10":0,"11":0,"12":0,"13":0,"14":0,"15":0,"16":0,"17":0,"18":0,"19":0,"20":0,"21":0,"22":0,"23":7,"24":0,"25":0,"26":0,"27":0,"28":0,"29":7,"30":0,"31":0,"32":0,"33":0,"34":0,"35":7,"36":0,"37":0,"38":7},"f":{"0":7,"1":0,"2":0,"3":0,"4":0,"5":0,"6":0,"7":0},"b":{"0":[0],"1":[0],"2":[0,0],"3":[0,0],"4":[0,0],"5":[0,0],"6":[0,0],"7":[0,0],"8":[0,0]},"_coverageSchema":"332fd63041d2c1bcb487cc26dd0d5f7d97098a6c","hash":"071d061f83669c151a6706344d531728f1b86f5d"}
,"D:\\Projects\\Pratical-studies\\seubarriga\\src\\services\\user.js": {"path":"D:\\Projects\\Pratical-studies\\seubarriga\\src\\services\\user.js","statementMap":{"0":{"start":{"line":1,"column":15},"end":{"line":1,"column":39}},"1":{"start":{"line":2,"column":24},"end":{"line":2,"column":59}},"2":{"start":{"line":4,"column":0},"end":{"line":30,"column":2}},"3":{"start":{"line":6,"column":4},"end":{"line":6,"column":59}},"4":{"start":{"line":10,"column":4},"end":{"line":10,"column":58}},"5":{"start":{"line":13,"column":24},"end":{"line":16,"column":3}},"6":{"start":{"line":14,"column":17},"end":{"line":14,"column":39}},"7":{"start":{"line":15,"column":4},"end":{"line":15,"column":41}},"8":{"start":{"line":18,"column":15},"end":{"line":27,"column":3}},"9":{"start":{"line":19,"column":21},"end":{"line":19,"column":25}},"10":{"start":{"line":20,"column":4},"end":{"line":20,"column":84}},"11":{"start":{"line":20,"column":24},"end":{"line":20,"column":84}},"12":{"start":{"line":21,"column":4},"end":{"line":21,"column":86}},"13":{"start":{"line":21,"column":25},"end":{"line":21,"column":86}},"14":{"start":{"line":22,"column":4},"end":{"line":22,"column":87}},"15":{"start":{"line":22,"column":26},"end":{"line":22,"column":87}},"16":{"start":{"line":23,"column":19},"end":{"line":23,"column":59}},"17":{"start":{"line":24,"column":4},"end":{"line":24,"column":81}},"18":{"start":{"line":24,"column":16},"end":{"line":24,"column":81}},"19":{"start":{"line":25,"column":4},"end":{"line":25,"column":53}},"20":{"start":{"line":26,"column":4},"end":{"line":26,"column":69}},"21":{"start":{"line":29,"column":2},"end":{"line":29,"column":36}}},"fnMap":{"0":{"name":"(anonymous_0)","decl":{"start":{"line":4,"column":17},"end":{"line":4,"column":18}},"loc":{"start":{"line":4,"column":26},"end":{"line":30,"column":1}},"line":4},"1":{"name":"findAll","decl":{"start":{"line":5,"column":11},"end":{"line":5,"column":18}},"loc":{"start":{"line":5,"column":21},"end":{"line":7,"column":3}},"line":5},"2":{"name":"findOne","decl":{"start":{"line":9,"column":11},"end":{"line":9,"column":18}},"loc":{"start":{"line":9,"column":32},"end":{"line":11,"column":3}},"line":9},"3":{"name":"(anonymous_3)","decl":{"start":{"line":13,"column":24},"end":{"line":13,"column":25}},"loc":{"start":{"line":13,"column":36},"end":{"line":16,"column":3}},"line":13},"4":{"name":"(anonymous_4)","decl":{"start":{"line":18,"column":15},"end":{"line":18,"column":16}},"loc":{"start":{"line":18,"column":31},"end":{"line":27,"column":3}},"line":18}},"branchMap":{"0":{"loc":{"start":{"line":9,"column":19},"end":{"line":9,"column":30}},"type":"default-arg","locations":[{"start":{"line":9,"column":28},"end":{"line":9,"column":30}}],"line":9},"1":{"loc":{"start":{"line":20,"column":4},"end":{"line":20,"column":84}},"type":"if","locations":[{"start":{"line":20,"column":4},"end":{"line":20,"column":84}},{"start":{"line":20,"column":4},"end":{"line":20,"column":84}}],"line":20},"2":{"loc":{"start":{"line":21,"column":4},"end":{"line":21,"column":86}},"type":"if","locations":[{"start":{"line":21,"column":4},"end":{"line":21,"column":86}},{"start":{"line":21,"column":4},"end":{"line":21,"column":86}}],"line":21},"3":{"loc":{"start":{"line":22,"column":4},"end":{"line":22,"column":87}},"type":"if","locations":[{"start":{"line":22,"column":4},"end":{"line":22,"column":87}},{"start":{"line":22,"column":4},"end":{"line":22,"column":87}}],"line":22},"4":{"loc":{"start":{"line":24,"column":4},"end":{"line":24,"column":81}},"type":"if","locations":[{"start":{"line":24,"column":4},"end":{"line":24,"column":81}},{"start":{"line":24,"column":4},"end":{"line":24,"column":81}}],"line":24}},"s":{"0":7,"1":7,"2":7,"3":0,"4":53,"5":7,"6":0,"7":0,"8":7,"9":14,"10":14,"11":0,"12":14,"13":0,"14":14,"15":0,"16":14,"17":0,"18":0,"19":0,"20":0,"21":7},"f":{"0":7,"1":0,"2":53,"3":0,"4":14},"b":{"0":[0],"1":[0,14],"2":[0,14],"3":[0,14],"4":[0,0]},"_coverageSchema":"332fd63041d2c1bcb487cc26dd0d5f7d97098a6c","hash":"42d869c1683a0624efc6f1957b9b1225515d117a"}
}
