TN:
SF:D:\Projects\Pratical-studies\seubarriga\knexfile.js
FNF:0
FNH:0
DA:1,7
LF:1
LH:1
BRF:0
BRH:0
end_of_record
TN:
SF:D:\Projects\Pratical-studies\seubarriga\src\app.js
FN:18,(anonymous_0)
FN:22,(anonymous_1)
FNF:2
FNH:2
FNDA:1,(anonymous_0)
FNDA:40,(anonymous_1)
DA:1,7
DA:2,7
DA:3,7
DA:4,7
DA:6,7
DA:8,7
DA:10,7
DA:18,7
DA:19,1
DA:22,7
DA:23,40
DA:24,40
DA:25,40
DA:27,40
DA:28,40
DA:30,40
DA:43,7
LF:17
LH:17
BRDA:24,0,0,0
BRDA:24,0,1,40
BRDA:25,1,0,0
BRDA:25,1,1,40
BRF:4
BRH:2
end_of_record
TN:
SF:D:\Projects\Pratical-studies\seubarriga\src\config\middlewares.js
FN:3,(anonymous_0)
FNF:1
FNH:1
FNDA:7,(anonymous_0)
DA:1,7
DA:3,7
DA:4,7
LF:3
LH:3
BRF:0
BRH:0
end_of_record
TN:
SF:D:\Projects\Pratical-studies\seubarriga\src\config\passport.js
FN:8,(anonymous_0)
FN:14,(anonymous_1)
FN:26,(anonymous_2)
FNF:3
FNH:3
FNDA:7,(anonymous_0)
FNDA:38,(anonymous_1)
FNDA:7,(anonymous_2)
DA:1,7
DA:2,7
DA:4,7
DA:6,7
DA:8,7
DA:9,7
DA:14,7
DA:15,38
DA:16,38
DA:17,0
DA:18,0
DA:20,38
DA:24,7
DA:26,7
LF:14
LH:12
BRDA:17,0,0,0
BRDA:17,0,1,0
BRF:2
BRH:0
end_of_record
TN:
SF:D:\Projects\Pratical-studies\seubarriga\src\config\router.js
FN:3,(anonymous_0)
FNF:1
FNH:1
FNDA:7,(anonymous_0)
DA:1,7
DA:3,7
DA:4,7
DA:5,7
DA:6,7
DA:7,7
DA:8,7
DA:9,7
DA:10,7
DA:11,7
LF:10
LH:10
BRF:0
BRH:0
end_of_record
TN:
SF:D:\Projects\Pratical-studies\seubarriga\src\erros\ValidationError.js
FN:1,ValidationError
FNF:1
FNH:0
FNDA:0,ValidationError
DA:1,7
DA:2,0
DA:3,0
LF:3
LH:1
BRF:0
BRH:0
end_of_record
TN:
SF:D:\Projects\Pratical-studies\seubarriga\src\erros\WrongResourceError.js
FN:1,WrongResourceError
FNF:1
FNH:0
FNDA:0,WrongResourceError
DA:1,7
DA:2,0
DA:3,0
LF:3
LH:1
BRDA:1,0,0,0
BRF:1
BRH:0
end_of_record
TN:
SF:D:\Projects\Pratical-studies\seubarriga\src\routes\accounts.js
FN:4,(anonymous_0)
FN:7,(anonymous_1)
FN:17,(anonymous_2)
FN:25,(anonymous_3)
FN:33,(anonymous_4)
FN:41,(anonymous_5)
FN:49,(anonymous_6)
FNF:7
FNH:1
FNDA:7,(anonymous_0)
FNDA:0,(anonymous_1)
FNDA:0,(anonymous_2)
FNDA:0,(anonymous_3)
FNDA:0,(anonymous_4)
FNDA:0,(anonymous_5)
FNDA:0,(anonymous_6)
DA:1,7
DA:2,7
DA:4,7
DA:5,7
DA:7,7
DA:8,0
DA:9,0
DA:10,0
DA:11,0
DA:13,0
DA:17,7
DA:18,0
DA:19,0
DA:20,0
DA:22,0
DA:25,7
DA:26,0
DA:27,0
DA:28,0
DA:30,0
DA:33,7
DA:34,0
DA:35,0
DA:36,0
DA:38,0
DA:41,7
DA:42,0
DA:43,0
DA:44,0
DA:46,0
DA:49,7
DA:50,0
DA:51,0
DA:52,0
DA:54,0
DA:57,7
LF:36
LH:11
BRDA:10,0,0,0
BRDA:10,0,1,0
BRF:2
BRH:0
end_of_record
TN:
SF:D:\Projects\Pratical-studies\seubarriga\src\routes\auth.js
FN:8,(anonymous_0)
FN:11,(anonymous_1)
FN:31,(anonymous_2)
FNF:3
FNH:3
FNDA:7,(anonymous_0)
FNDA:1,(anonymous_1)
FNDA:1,(anonymous_2)
DA:1,7
DA:2,7
DA:3,7
DA:4,7
DA:6,7
DA:8,7
DA:10,7
DA:11,7
DA:12,1
DA:13,1
DA:15,0
DA:16,0
DA:17,0
DA:23,0
DA:25,0
DA:26,0
DA:28,1
DA:31,7
DA:32,1
DA:33,1
DA:34,0
DA:36,1
DA:40,7
LF:23
LH:16
BRDA:15,0,0,0
BRDA:15,0,1,0
BRDA:16,1,0,0
BRDA:16,1,1,0
BRF:4
BRH:0
end_of_record
TN:
SF:D:\Projects\Pratical-studies\seubarriga\src\routes\balance.js
FN:3,(anonymous_0)
FN:5,(anonymous_1)
FNF:2
FNH:1
FNDA:7,(anonymous_0)
FNDA:0,(anonymous_1)
DA:1,7
DA:3,7
DA:4,7
DA:5,7
DA:6,0
DA:7,0
DA:8,0
DA:10,0
DA:13,7
LF:9
LH:5
BRF:0
BRH:0
end_of_record
TN:
SF:D:\Projects\Pratical-studies\seubarriga\src\routes\transactions.js
FN:4,(anonymous_0)
FN:7,(anonymous_1)
FN:17,(anonymous_2)
FN:26,(anonymous_3)
FN:35,(anonymous_4)
FN:44,(anonymous_5)
FN:53,(anonymous_6)
FNF:7
FNH:1
FNDA:7,(anonymous_0)
FNDA:0,(anonymous_1)
FNDA:0,(anonymous_2)
FNDA:0,(anonymous_3)
FNDA:0,(anonymous_4)
FNDA:0,(anonymous_5)
FNDA:0,(anonymous_6)
DA:1,7
DA:2,7
DA:4,7
DA:5,7
DA:7,7
DA:8,0
DA:9,0
DA:10,0
DA:11,0
DA:13,0
DA:17,7
DA:18,0
DA:19,0
DA:20,0
DA:22,0
DA:26,7
DA:27,0
DA:28,0
DA:29,0
DA:31,0
DA:35,7
DA:36,0
DA:37,0
DA:38,0
DA:40,0
DA:44,7
DA:45,0
DA:46,0
DA:47,0
DA:49,0
DA:53,7
DA:54,0
DA:55,0
DA:56,0
DA:58,0
DA:61,7
LF:36
LH:11
BRDA:10,0,0,0
BRDA:10,0,1,0
BRF:2
BRH:0
end_of_record
TN:
SF:D:\Projects\Pratical-studies\seubarriga\src\routes\transfers.js
FN:4,(anonymous_0)
FN:6,(anonymous_1)
FN:16,(anonymous_2)
FN:24,(anonymous_3)
FN:32,(anonymous_4)
FN:42,(anonymous_5)
FN:50,(anonymous_6)
FN:60,(anonymous_7)
FNF:8
FNH:1
FNDA:7,(anonymous_0)
FNDA:0,(anonymous_1)
FNDA:0,(anonymous_2)
FNDA:0,(anonymous_3)
FNDA:0,(anonymous_4)
FNDA:0,(anonymous_5)
FNDA:0,(anonymous_6)
FNDA:0,(anonymous_7)
DA:1,7
DA:2,7
DA:4,7
DA:5,7
DA:6,7
DA:7,0
DA:8,0
DA:9,0
DA:10,0
DA:12,0
DA:16,7
DA:17,0
DA:18,0
DA:19,0
DA:21,0
DA:24,7
DA:25,0
DA:26,0
DA:27,0
DA:29,0
DA:32,7
DA:33,0
DA:34,0
DA:36,0
DA:37,0
DA:39,0
DA:42,7
DA:43,0
DA:44,0
DA:45,0
DA:47,0
DA:50,7
DA:51,0
DA:54,0
DA:55,0
DA:57,0
DA:60,7
DA:61,0
DA:62,0
DA:63,0
DA:65,0
DA:68,7
LF:42
LH:12
BRDA:9,0,0,0
BRDA:9,0,1,0
BRF:2
BRH:0
end_of_record
TN:
SF:D:\Projects\Pratical-studies\seubarriga\src\routes\users.js
FN:3,(anonymous_0)
FN:6,(anonymous_1)
FN:15,(anonymous_2)
FNF:3
FNH:1
FNDA:7,(anonymous_0)
FNDA:0,(anonymous_1)
FNDA:0,(anonymous_2)
DA:1,7
DA:3,7
DA:4,7
DA:6,7
DA:7,0
DA:8,0
DA:9,0
DA:11,0
DA:15,7
DA:16,0
DA:17,0
DA:18,0
DA:20,0
DA:24,7
LF:14
LH:6
BRF:0
BRH:0
end_of_record
TN:
SF:D:\Projects\Pratical-studies\seubarriga\src\services\account.js
FN:4,(anonymous_0)
FN:5,(anonymous_1)
FN:9,(anonymous_2)
FN:13,(anonymous_3)
FN:20,(anonymous_4)
FN:24,(anonymous_5)
FNF:6
FNH:1
FNDA:7,(anonymous_0)
FNDA:0,(anonymous_1)
FNDA:0,(anonymous_2)
FNDA:0,(anonymous_3)
FNDA:0,(anonymous_4)
FNDA:0,(anonymous_5)
DA:1,7
DA:4,7
DA:5,7
DA:6,0
DA:9,7
DA:10,0
DA:13,7
DA:14,0
DA:15,0
DA:16,0
DA:17,0
DA:20,7
DA:21,0
DA:24,7
DA:25,0
DA:26,0
DA:27,0
DA:30,7
LF:18
LH:8
BRDA:9,0,0,0
BRDA:14,1,0,0
BRDA:14,1,1,0
BRDA:16,2,0,0
BRDA:16,2,1,0
BRDA:26,3,0,0
BRDA:26,3,1,0
BRF:7
BRH:0
end_of_record
TN:
SF:D:\Projects\Pratical-studies\seubarriga\src\services\balance.js
FN:1,(anonymous_0)
FN:2,(anonymous_1)
FNF:2
FNH:1
FNDA:7,(anonymous_0)
FNDA:0,(anonymous_1)
DA:1,7
DA:2,7
DA:10,7
LF:3
LH:3
BRF:0
BRH:0
end_of_record
TN:
SF:D:\Projects\Pratical-studies\seubarriga\src\services\transaction.js
FN:3,(anonymous_0)
FN:4,(anonymous_1)
FN:9,(anonymous_2)
FN:12,(anonymous_3)
FN:25,(anonymous_4)
FN:28,(anonymous_5)
FNF:6
FNH:1
FNDA:7,(anonymous_0)
FNDA:0,(anonymous_1)
FNDA:0,(anonymous_2)
FNDA:0,(anonymous_3)
FNDA:0,(anonymous_4)
FNDA:0,(anonymous_5)
DA:1,7
DA:3,7
DA:4,7
DA:9,7
DA:12,7
DA:13,0
DA:14,0
DA:15,0
DA:16,0
DA:17,0
DA:18,0
DA:19,0
DA:20,0
DA:21,0
DA:23,0
DA:25,7
DA:28,7
DA:31,7
LF:18
LH:8
BRDA:4,0,0,0
BRDA:13,1,0,0
BRDA:13,1,1,0
BRDA:14,2,0,0
BRDA:14,2,1,0
BRDA:15,3,0,0
BRDA:15,3,1,0
BRDA:16,4,0,0
BRDA:16,4,1,0
BRDA:17,5,0,0
BRDA:17,5,1,0
BRDA:18,6,0,0
BRDA:18,6,1,0
BRDA:18,7,0,0
BRDA:18,7,1,0
BRDA:20,8,0,0
BRDA:20,8,1,0
BRDA:20,9,0,0
BRDA:20,9,1,0
BRDA:20,9,2,0
BRDA:20,9,3,0
BRF:21
BRH:0
end_of_record
TN:
SF:D:\Projects\Pratical-studies\seubarriga\src\services\transfer.js
FN:3,(anonymous_0)
FN:4,(anonymous_1)
FN:7,(anonymous_2)
FN:11,(anonymous_3)
FN:19,(anonymous_4)
FN:24,(anonymous_5)
FN:36,(anonymous_6)
FN:49,(anonymous_7)
FNF:8
FNH:1
FNDA:7,(anonymous_0)
FNDA:0,(anonymous_1)
FNDA:0,(anonymous_2)
FNDA:0,(anonymous_3)
FNDA:0,(anonymous_4)
FNDA:0,(anonymous_5)
FNDA:0,(anonymous_6)
FNDA:0,(anonymous_7)
DA:1,7
DA:3,7
DA:4,7
DA:7,7
DA:11,7
DA:12,0
DA:13,0
DA:14,0
DA:15,0
DA:16,0
DA:17,0
DA:18,0
DA:19,0
DA:20,0
DA:24,7
DA:26,0
DA:28,0
DA:29,0
DA:33,0
DA:34,0
DA:36,7
DA:38,0
DA:41,0
DA:45,0
DA:46,0
DA:47,0
DA:49,7
DA:50,0
DA:51,0
DA:53,7
LF:30
LH:9
BRDA:4,0,0,0
BRDA:7,1,0,0
BRDA:12,2,0,0
BRDA:12,2,1,0
BRDA:13,3,0,0
BRDA:13,3,1,0
BRDA:14,4,0,0
BRDA:14,4,1,0
BRDA:15,5,0,0
BRDA:15,5,1,0
BRDA:16,6,0,0
BRDA:16,6,1,0
BRDA:17,7,0,0
BRDA:17,7,1,0
BRDA:20,8,0,0
BRDA:20,8,1,0
BRF:16
BRH:0
end_of_record
TN:
SF:D:\Projects\Pratical-studies\seubarriga\src\services\user.js
FN:4,(anonymous_0)
FN:5,findAll
FN:9,findOne
FN:13,(anonymous_3)
FN:18,(anonymous_4)
FNF:5
FNH:3
FNDA:7,(anonymous_0)
FNDA:0,findAll
FNDA:53,findOne
FNDA:0,(anonymous_3)
FNDA:14,(anonymous_4)
DA:1,7
DA:2,7
DA:4,7
DA:6,0
DA:10,53
DA:13,7
DA:14,0
DA:15,0
DA:18,7
DA:19,14
DA:20,14
DA:21,14
DA:22,14
DA:23,14
DA:24,0
DA:25,0
DA:26,0
DA:29,7
LF:18
LH:12
BRDA:9,0,0,0
BRDA:20,1,0,0
BRDA:20,1,1,14
BRDA:21,2,0,0
BRDA:21,2,1,14
BRDA:22,3,0,0
BRDA:22,3,1,14
BRDA:24,4,0,0
BRDA:24,4,1,0
BRF:9
BRH:3
end_of_record
