TN:
SF:D:\Projects\Pratical-studies\seubarriga\knexfile.js
FNF:0
FNH:0
DA:1,7
LF:1
LH:1
BRF:0
BRH:0
end_of_record
TN:
SF:D:\Projects\Pratical-studies\seubarriga\src\app.js
FN:19,(anonymous_0)
FN:23,(anonymous_1)
FNF:2
FNH:2
FNDA:1,(anonymous_0)
FNDA:36,(anonymous_1)
DA:1,7
DA:2,7
DA:4,7
DA:5,7
DA:9,7
DA:11,7
DA:19,7
DA:20,1
DA:23,7
DA:24,36
DA:25,36
DA:26,7
DA:28,0
DA:29,0
DA:31,36
DA:44,7
LF:16
LH:14
BRDA:25,0,0,29
BRDA:25,0,1,7
BRDA:26,1,0,7
BRDA:26,1,1,0
BRF:4
BRH:3
end_of_record
TN:
SF:D:\Projects\Pratical-studies\seubarriga\src\config\middlewares.js
FN:3,(anonymous_0)
FNF:1
FNH:1
FNDA:7,(anonymous_0)
DA:1,7
DA:3,7
DA:4,7
LF:3
LH:3
BRF:0
BRH:0
end_of_record
TN:
SF:D:\Projects\Pratical-studies\seubarriga\src\config\passport.js
FN:8,(anonymous_0)
FN:14,(anonymous_1)
FN:26,(anonymous_2)
FNF:3
FNH:3
FNDA:7,(anonymous_0)
FNDA:72,(anonymous_1)
FNDA:7,(anonymous_2)
DA:1,7
DA:2,7
DA:4,7
DA:6,7
DA:8,7
DA:9,7
DA:14,7
DA:15,72
DA:16,72
DA:17,72
DA:18,0
DA:20,0
DA:24,7
DA:26,7
LF:14
LH:12
BRDA:17,0,0,72
BRDA:17,0,1,0
BRF:2
BRH:1
end_of_record
TN:
SF:D:\Projects\Pratical-studies\seubarriga\src\config\router.js
FN:3,(anonymous_0)
FNF:1
FNH:1
FNDA:7,(anonymous_0)
DA:1,7
DA:3,7
DA:4,7
DA:5,7
DA:6,7
DA:7,7
DA:8,7
DA:9,7
DA:10,7
DA:11,7
LF:10
LH:10
BRF:0
BRH:0
end_of_record
TN:
SF:D:\Projects\Pratical-studies\seubarriga\src\erros\ValidationError.js
FN:1,ValidationError
FNF:1
FNH:1
FNDA:29,ValidationError
DA:1,7
DA:2,29
DA:3,29
LF:3
LH:3
BRF:0
BRH:0
end_of_record
TN:
SF:D:\Projects\Pratical-studies\seubarriga\src\erros\WrongResourceError.js
FN:1,WrongResourceError
FNF:1
FNH:1
FNDA:7,WrongResourceError
DA:1,7
DA:2,7
DA:3,7
LF:3
LH:3
BRDA:1,0,0,7
BRF:1
BRH:1
end_of_record
TN:
SF:D:\Projects\Pratical-studies\seubarriga\src\migrations\20221212090356_create_users.js
FN:1,(anonymous_0)
FN:1,(anonymous_1)
FN:9,(anonymous_2)
FNF:3
FNH:3
FNDA:2,(anonymous_0)
FNDA:2,(anonymous_1)
FNDA:2,(anonymous_2)
DA:1,2
DA:2,2
DA:3,2
DA:4,2
DA:5,2
DA:9,2
DA:10,2
LF:7
LH:7
BRF:0
BRH:0
end_of_record
TN:
SF:D:\Projects\Pratical-studies\seubarriga\src\migrations\20221212192816_create_table_accounts.js
FN:2,(anonymous_0)
FN:3,(anonymous_1)
FN:14,(anonymous_2)
FNF:3
FNH:3
FNDA:2,(anonymous_0)
FNDA:2,(anonymous_1)
FNDA:2,(anonymous_2)
DA:2,2
DA:3,2
DA:4,2
DA:5,2
DA:6,2
DA:14,2
DA:15,2
LF:7
LH:7
BRF:0
BRH:0
end_of_record
TN:
SF:D:\Projects\Pratical-studies\seubarriga\src\migrations\20221218103420_create_table_transactions.js
FN:1,(anonymous_0)
FN:2,(anonymous_1)
FN:15,(anonymous_2)
FNF:3
FNH:3
FNDA:2,(anonymous_0)
FNDA:2,(anonymous_1)
FNDA:2,(anonymous_2)
DA:1,2
DA:3,2
DA:4,2
DA:5,2
DA:6,2
DA:7,2
DA:8,2
DA:9,2
DA:15,2
LF:9
LH:9
BRF:0
BRH:0
end_of_record
TN:
SF:D:\Projects\Pratical-studies\seubarriga\src\migrations\20221220083914_create_table_transfers.js
FN:1,(anonymous_0)
FN:2,(anonymous_1)
FN:20,(anonymous_2)
FN:27,(anonymous_3)
FN:28,(anonymous_4)
FNF:5
FNH:5
FNDA:2,(anonymous_0)
FNDA:2,(anonymous_1)
FNDA:2,(anonymous_2)
FNDA:2,(anonymous_3)
FNDA:2,(anonymous_4)
DA:1,2
DA:3,2
DA:4,2
DA:5,2
DA:6,2
DA:7,2
DA:11,2
DA:15,2
DA:21,2
DA:27,2
DA:29,2
LF:11
LH:11
BRF:0
BRH:0
end_of_record
TN:
SF:D:\Projects\Pratical-studies\seubarriga\src\routes\accounts.js
FN:4,(anonymous_0)
FN:7,(anonymous_1)
FN:17,(anonymous_2)
FN:25,(anonymous_3)
FN:33,(anonymous_4)
FN:41,(anonymous_5)
FN:49,(anonymous_6)
FNF:7
FNH:7
FNDA:7,(anonymous_0)
FNDA:7,(anonymous_1)
FNDA:3,(anonymous_2)
FNDA:1,(anonymous_3)
FNDA:1,(anonymous_4)
FNDA:1,(anonymous_5)
FNDA:2,(anonymous_6)
DA:1,7
DA:2,7
DA:4,7
DA:5,7
DA:7,7
DA:8,7
DA:9,7
DA:10,7
DA:11,4
DA:13,3
DA:17,7
DA:18,3
DA:19,3
DA:20,1
DA:22,2
DA:25,7
DA:26,1
DA:27,1
DA:28,1
DA:30,0
DA:33,7
DA:34,1
DA:35,1
DA:36,1
DA:38,0
DA:41,7
DA:42,1
DA:43,1
DA:44,1
DA:46,0
DA:49,7
DA:50,2
DA:51,2
DA:52,1
DA:54,1
DA:57,7
LF:36
LH:33
BRDA:10,0,0,3
BRDA:10,0,1,4
BRF:2
BRH:2
end_of_record
TN:
SF:D:\Projects\Pratical-studies\seubarriga\src\routes\auth.js
FN:8,(anonymous_0)
FN:11,(anonymous_1)
FN:31,(anonymous_2)
FNF:3
FNH:3
FNDA:7,(anonymous_0)
FNDA:3,(anonymous_1)
FNDA:1,(anonymous_2)
DA:1,7
DA:2,7
DA:3,7
DA:4,7
DA:6,7
DA:8,7
DA:10,7
DA:11,7
DA:12,3
DA:13,3
DA:15,3
DA:16,2
DA:17,1
DA:23,1
DA:25,1
DA:26,1
DA:28,2
DA:31,7
DA:32,1
DA:33,1
DA:34,1
DA:36,0
DA:40,7
LF:23
LH:22
BRDA:15,0,0,1
BRDA:15,0,1,2
BRDA:16,1,0,1
BRDA:16,1,1,1
BRF:4
BRH:4
end_of_record
TN:
SF:D:\Projects\Pratical-studies\seubarriga\src\routes\balance.js
FN:3,(anonymous_0)
FN:5,(anonymous_1)
FNF:2
FNH:2
FNDA:7,(anonymous_0)
FNDA:10,(anonymous_1)
DA:1,7
DA:3,7
DA:4,7
DA:5,7
DA:6,10
DA:7,10
DA:8,10
DA:10,0
DA:13,7
LF:9
LH:8
BRF:0
BRH:0
end_of_record
TN:
SF:D:\Projects\Pratical-studies\seubarriga\src\routes\transactions.js
FN:4,(anonymous_0)
FN:7,(anonymous_1)
FN:17,(anonymous_2)
FN:26,(anonymous_3)
FN:35,(anonymous_4)
FN:44,(anonymous_5)
FN:53,(anonymous_6)
FNF:7
FNH:7
FNDA:7,(anonymous_0)
FNDA:6,(anonymous_1)
FNDA:1,(anonymous_2)
FNDA:16,(anonymous_3)
FNDA:1,(anonymous_4)
FNDA:1,(anonymous_5)
FNDA:1,(anonymous_6)
DA:1,7
DA:2,7
DA:4,7
DA:5,7
DA:7,7
DA:8,6
DA:9,6
DA:10,6
DA:11,3
DA:13,3
DA:17,7
DA:18,1
DA:19,1
DA:20,1
DA:22,0
DA:26,7
DA:27,16
DA:28,16
DA:29,10
DA:31,6
DA:35,7
DA:36,1
DA:37,1
DA:38,1
DA:40,0
DA:44,7
DA:45,1
DA:46,1
DA:47,1
DA:49,0
DA:53,7
DA:54,1
DA:55,1
DA:56,1
DA:58,0
DA:61,7
LF:36
LH:32
BRDA:10,0,0,3
BRDA:10,0,1,3
BRF:2
BRH:2
end_of_record
TN:
SF:D:\Projects\Pratical-studies\seubarriga\src\routes\transfers.js
FN:4,(anonymous_0)
FN:6,(anonymous_1)
FN:16,(anonymous_2)
FN:24,(anonymous_3)
FN:32,(anonymous_4)
FN:42,(anonymous_5)
FN:50,(anonymous_6)
FN:60,(anonymous_7)
FNF:8
FNH:8
FNDA:7,(anonymous_0)
FNDA:11,(anonymous_1)
FNDA:17,(anonymous_2)
FNDA:1,(anonymous_3)
FNDA:2,(anonymous_4)
FNDA:1,(anonymous_5)
FNDA:1,(anonymous_6)
FNDA:1,(anonymous_7)
DA:1,7
DA:2,7
DA:4,7
DA:5,7
DA:6,7
DA:7,11
DA:8,11
DA:9,11
DA:10,10
DA:12,1
DA:16,7
DA:17,17
DA:18,17
DA:19,3
DA:21,14
DA:24,7
DA:25,1
DA:26,1
DA:27,1
DA:29,0
DA:32,7
DA:33,2
DA:34,2
DA:36,2
DA:37,2
DA:39,0
DA:42,7
DA:43,1
DA:44,1
DA:45,1
DA:47,0
DA:50,7
DA:51,1
DA:54,1
DA:55,1
DA:57,0
DA:60,7
DA:61,1
DA:62,1
DA:63,1
DA:65,0
DA:68,7
LF:42
LH:37
BRDA:9,0,0,1
BRDA:9,0,1,10
BRF:2
BRH:2
end_of_record
TN:
SF:D:\Projects\Pratical-studies\seubarriga\src\routes\users.js
FN:3,(anonymous_0)
FN:6,(anonymous_1)
FN:15,(anonymous_2)
FNF:3
FNH:3
FNDA:7,(anonymous_0)
FNDA:1,(anonymous_1)
FNDA:6,(anonymous_2)
DA:1,7
DA:3,7
DA:4,7
DA:6,7
DA:7,1
DA:8,1
DA:9,1
DA:11,0
DA:15,7
DA:16,6
DA:17,6
DA:18,2
DA:20,4
DA:24,7
LF:14
LH:13
BRF:0
BRH:0
end_of_record
TN:
SF:D:\Projects\Pratical-studies\seubarriga\src\seeds\01_transfers.js
FN:1,(anonymous_0)
FNF:1
FNH:1
FNDA:2,(anonymous_0)
DA:1,2
DA:3,2
DA:4,2
DA:5,2
DA:6,2
DA:7,2
DA:11,2
DA:17,2
DA:21,2
LF:9
LH:9
BRF:0
BRH:0
end_of_record
TN:
SF:D:\Projects\Pratical-studies\seubarriga\src\seeds\02_balance.js
FN:3,(anonymous_0)
FNF:1
FNH:1
FNDA:2,(anonymous_0)
DA:1,2
DA:3,2
DA:4,2
DA:9,2
DA:17,2
DA:21,2
LF:6
LH:6
BRF:0
BRH:0
end_of_record
TN:
SF:D:\Projects\Pratical-studies\seubarriga\src\services\account.js
FN:4,(anonymous_0)
FN:5,(anonymous_1)
FN:9,(anonymous_2)
FN:13,(anonymous_3)
FN:20,(anonymous_4)
FN:24,(anonymous_5)
FNF:6
FNH:6
FNDA:7,(anonymous_0)
FNDA:1,(anonymous_1)
FNDA:10,(anonymous_2)
FNDA:3,(anonymous_3)
FNDA:1,(anonymous_4)
FNDA:2,(anonymous_5)
DA:1,7
DA:4,7
DA:5,7
DA:6,1
DA:9,7
DA:10,10
DA:13,7
DA:14,3
DA:15,2
DA:16,2
DA:17,1
DA:20,7
DA:21,1
DA:24,7
DA:25,2
DA:26,2
DA:27,1
DA:30,7
LF:18
LH:18
BRDA:9,0,0,0
BRDA:14,1,0,1
BRDA:14,1,1,2
BRDA:16,2,0,1
BRDA:16,2,1,1
BRDA:26,3,0,1
BRDA:26,3,1,1
BRF:7
BRH:6
end_of_record
TN:
SF:D:\Projects\Pratical-studies\seubarriga\src\services\balance.js
FN:1,(anonymous_0)
FN:2,(anonymous_1)
FNF:2
FNH:2
FNDA:7,(anonymous_0)
FNDA:10,(anonymous_1)
DA:1,7
DA:2,10
DA:10,7
LF:3
LH:3
BRF:0
BRH:0
end_of_record
TN:
SF:D:\Projects\Pratical-studies\seubarriga\src\services\transaction.js
FN:3,(anonymous_0)
FN:4,(anonymous_1)
FN:9,(anonymous_2)
FN:12,(anonymous_3)
FN:25,(anonymous_4)
FN:28,(anonymous_5)
FNF:6
FNH:6
FNDA:7,(anonymous_0)
FNDA:7,(anonymous_1)
FNDA:3,(anonymous_2)
FNDA:16,(anonymous_3)
FNDA:1,(anonymous_4)
FNDA:1,(anonymous_5)
DA:1,7
DA:3,7
DA:4,7
DA:9,7
DA:12,7
DA:13,16
DA:14,15
DA:15,14
DA:16,13
DA:17,12
DA:18,11
DA:19,10
DA:20,10
DA:21,5
DA:23,10
DA:25,7
DA:28,7
DA:31,7
LF:18
LH:18
BRDA:4,0,0,1
BRDA:13,1,0,1
BRDA:13,1,1,15
BRDA:14,2,0,1
BRDA:14,2,1,14
BRDA:15,3,0,1
BRDA:15,3,1,13
BRDA:16,4,0,1
BRDA:16,4,1,12
BRDA:17,5,0,1
BRDA:17,5,1,11
BRDA:18,6,0,1
BRDA:18,6,1,10
BRDA:18,7,0,11
BRDA:18,7,1,5
BRDA:20,8,0,5
BRDA:20,8,1,5
BRDA:20,9,0,10
BRDA:20,9,1,6
BRDA:20,9,2,9
BRDA:20,9,3,4
BRF:21
BRH:21
end_of_record
TN:
SF:D:\Projects\Pratical-studies\seubarriga\src\services\transfer.js
FN:3,(anonymous_0)
FN:4,(anonymous_1)
FN:7,(anonymous_2)
FN:11,(anonymous_3)
FN:19,(anonymous_4)
FN:24,(anonymous_5)
FN:36,(anonymous_6)
FN:49,(anonymous_7)
FNF:8
FNH:8
FNDA:7,(anonymous_0)
FNDA:12,(anonymous_1)
FNDA:1,(anonymous_2)
FNDA:17,(anonymous_3)
FNDA:10,(anonymous_4)
FNDA:2,(anonymous_5)
FNDA:1,(anonymous_6)
FNDA:1,(anonymous_7)
DA:1,7
DA:3,7
DA:4,12
DA:7,7
DA:11,7
DA:12,17
DA:13,15
DA:14,13
DA:15,11
DA:16,9
DA:17,7
DA:18,5
DA:19,5
DA:20,10
DA:24,7
DA:26,2
DA:28,2
DA:29,2
DA:33,2
DA:34,2
DA:36,7
DA:38,1
DA:41,1
DA:45,1
DA:46,1
DA:47,1
DA:49,7
DA:50,1
DA:51,1
DA:53,7
LF:30
LH:30
BRDA:4,0,0,0
BRDA:7,1,0,0
BRDA:12,2,0,2
BRDA:12,2,1,15
BRDA:13,3,0,2
BRDA:13,3,1,13
BRDA:14,4,0,2
BRDA:14,4,1,11
BRDA:15,5,0,2
BRDA:15,5,1,9
BRDA:16,6,0,2
BRDA:16,6,1,7
BRDA:17,7,0,2
BRDA:17,7,1,5
BRDA:20,8,0,2
BRDA:20,8,1,8
BRF:16
BRH:14
end_of_record
TN:
SF:D:\Projects\Pratical-studies\seubarriga\src\services\user.js
FN:4,(anonymous_0)
FN:5,findAll
FN:9,findOne
FN:13,(anonymous_3)
FN:18,(anonymous_4)
FNF:5
FNH:5
FNDA:7,(anonymous_0)
FNDA:1,findAll
FNDA:103,findOne
FNDA:26,(anonymous_3)
FNDA:30,(anonymous_4)
DA:1,7
DA:2,7
DA:4,7
DA:6,1
DA:10,103
DA:13,7
DA:14,26
DA:15,26
DA:18,7
DA:19,30
DA:20,30
DA:21,29
DA:22,28
DA:23,27
DA:24,27
DA:25,26
DA:26,26
DA:29,7
LF:18
LH:18
BRDA:9,0,0,0
BRDA:20,1,0,1
BRDA:20,1,1,29
BRDA:21,2,0,1
BRDA:21,2,1,28
BRDA:22,3,0,1
BRDA:22,3,1,27
BRDA:24,4,0,1
BRDA:24,4,1,26
BRF:9
BRH:8
end_of_record
